Entering PPO Training for 1000 timesteps (0 iterations)...

Using specified RewardWrapper args.env_reward: `RewardWrapper_LAI_v2`
iteration: 1
LAI reward: 0.0547, Current LAI: 0.0547
LAI reward: 0.0000, Current LAI: 0.0547
LAI reward: 0.0000, Current LAI: 0.0547
LAI reward: 0.0000, Current LAI: 0.0547
LAI reward: 0.0000, Current LAI: 0.0547
LAI reward: 0.0000, Current LAI: 0.0547
LAI reward: 0.0000, Current LAI: 0.0547
LAI reward: 0.0000, Current LAI: 0.0547
LAI reward: 0.0000, Current LAI: 0.0547
LAI reward: 0.0000, Current LAI: 0.0547
LAI reward: 0.0000, Current LAI: 0.0547
LAI reward: 0.0000, Current LAI: 0.0547
LAI reward: 0.0000, Current LAI: 0.0547
LAI reward: 0.0000, Current LAI: 0.0547
LAI reward: 0.0000, Current LAI: 0.0547
LAI reward: 0.0000, Current LAI: 0.0547
LAI reward: 0.0000, Current LAI: 0.0547
LAI reward: 0.0000, Current LAI: 0.0547
LAI reward: 0.0000, Current LAI: 0.0547
LAI reward: 0.0000, Current LAI: 0.0547
LAI reward: 0.0000, Current LAI: 0.0547
LAI reward: 0.0000, Current LAI: 0.0547
LAI reward: 0.0000, Current LAI: 0.0547
LAI reward: 0.0000, Current LAI: 0.0547
LAI reward: 0.0000, Current LAI: 0.0547
LAI reward: 0.0000, Current LAI: 0.0547
LAI reward: 0.0000, Current LAI: 0.0547
LAI reward: 0.0000, Current LAI: 0.0547
LAI reward: 0.0000, Current LAI: 0.0547
LAI reward: 0.0000, Current LAI: 0.0547
LAI reward: 0.0000, Current LAI: 0.0547
LAI reward: 0.0000, Current LAI: 0.0547
LAI reward: 0.0000, Current LAI: 0.0547
LAI reward: 0.0000, Current LAI: 0.0547
LAI reward: 0.0000, Current LAI: 0.0547
LAI reward: 0.0000, Current LAI: 0.0547
LAI reward: 0.0000, Current LAI: 0.0547
LAI reward: 0.0000, Current LAI: 0.0547
LAI reward: 0.0000, Current LAI: 0.0547
LAI reward: 0.0000, Current LAI: 0.0547
LAI reward: 0.0000, Current LAI: 0.0547
LAI reward: 0.0000, Current LAI: 0.0547
LAI reward: 0.0000, Current LAI: 0.0547
LAI reward: 0.0000, Current LAI: 0.0547
LAI reward: 0.0000, Current LAI: 0.0547
LAI reward: 0.0000, Current LAI: 0.0547
LAI reward: 0.0000, Current LAI: 0.0547
LAI reward: 0.0000, Current LAI: 0.0547
LAI reward: 0.0000, Current LAI: 0.0547
LAI reward: 0.0000, Current LAI: 0.0547
LAI reward: 0.0000, Current LAI: 0.0547
LAI reward: 0.0000, Current LAI: 0.0547
LAI reward: 0.0000, Current LAI: 0.0547
LAI reward: 0.0000, Current LAI: 0.0547
LAI reward: 0.0000, Current LAI: 0.0547
LAI reward: 0.0000, Current LAI: 0.0547
LAI reward: 0.0000, Current LAI: 0.0547
LAI reward: 0.0000, Current LAI: 0.0547
LAI reward: 0.0000, Current LAI: 0.0547
LAI reward: 0.0000, Current LAI: 0.0547
LAI reward: 0.0000, Current LAI: 0.0547
LAI reward: 0.0000, Current LAI: 0.0547
LAI reward: 0.0000, Current LAI: 0.0547
LAI reward: 0.0000, Current LAI: 0.0547
LAI reward: 0.0000, Current LAI: 0.0547
LAI reward: 0.0000, Current LAI: 0.0547
LAI reward: 0.0000, Current LAI: 0.0547
LAI reward: 0.0000, Current LAI: 0.0547
LAI reward: 0.0000, Current LAI: 0.0547
LAI reward: 0.0000, Current LAI: 0.0547
LAI reward: 0.0000, Current LAI: 0.0547
LAI reward: 0.0000, Current LAI: 0.0547
LAI reward: 0.0000, Current LAI: 0.0547
LAI reward: 0.0000, Current LAI: 0.0547
LAI reward: 0.0000, Current LAI: 0.0547
LAI reward: 0.0000, Current LAI: 0.0547
LAI reward: 0.0000, Current LAI: 0.0547
LAI reward: 0.0000, Current LAI: 0.0547
LAI reward: 0.0000, Current LAI: 0.0547
LAI reward: 0.0000, Current LAI: 0.0547
LAI reward: 0.0000, Current LAI: 0.0547
LAI reward: 0.0000, Current LAI: 0.0547
LAI reward: 0.0000, Current LAI: 0.0547
LAI reward: 0.0000, Current LAI: 0.0547
LAI reward: 0.0000, Current LAI: 0.0547
LAI reward: 0.0000, Current LAI: 0.0547
LAI reward: 0.0000, Current LAI: 0.0547
LAI reward: 0.0000, Current LAI: 0.0547
LAI reward: 0.0000, Current LAI: 0.0547
LAI reward: 0.0000, Current LAI: 0.0547
LAI reward: 0.0000, Current LAI: 0.0547
LAI reward: 0.0000, Current LAI: 0.0547
LAI reward: 0.0000, Current LAI: 0.0547
LAI reward: 0.0000, Current LAI: 0.0547
LAI reward: 0.0000, Current LAI: 0.0547
LAI reward: 0.0000, Current LAI: 0.0547
LAI reward: 0.0000, Current LAI: 0.0547
LAI reward: 0.0000, Current LAI: 0.0547
LAI reward: 0.0000, Current LAI: 0.0547
LAI reward: 0.0000, Current LAI: 0.0547
LAI reward: 0.0000, Current LAI: 0.0547
LAI reward: 0.0000, Current LAI: 0.0547
LAI reward: 0.0000, Current LAI: 0.0547
LAI reward: 0.0000, Current LAI: 0.0547
LAI reward: 0.0000, Current LAI: 0.0547
LAI reward: -0.0003, Current LAI: 0.0543
LAI reward: -0.0005, Current LAI: 0.0539
LAI reward: 0.0000, Current LAI: 0.0539
LAI reward: 0.0054, Current LAI: 0.0593
LAI reward: 0.0126, Current LAI: 0.0718
LAI reward: 0.0143, Current LAI: 0.0861
LAI reward: 0.0140, Current LAI: 0.1001
LAI reward: 0.0199, Current LAI: 0.1200
LAI reward: 0.0238, Current LAI: 0.1438
LAI reward: 0.0373, Current LAI: 0.1811
LAI reward: 0.0456, Current LAI: 0.2268
LAI reward: 0.0496, Current LAI: 0.2763
LAI reward: 0.0673, Current LAI: 0.3436
LAI reward: 0.0527, Current LAI: 0.3963
LAI reward: 0.0130, Current LAI: 0.4093
LAI reward: 0.0426, Current LAI: 0.4519
LAI reward: 0.0949, Current LAI: 0.5467
LAI reward: 0.1291, Current LAI: 0.6758
LAI reward: 0.1557, Current LAI: 0.8315
LAI reward: 0.1825, Current LAI: 1.0141
LAI reward: 0.2069, Current LAI: 1.2209
LAI reward: 0.2322, Current LAI: 1.4531
LAI reward: 0.2616, Current LAI: 1.7147
LAI reward: 0.2824, Current LAI: 1.9971
LAI reward: 0.2866, Current LAI: 2.2837
LAI reward: 0.2245, Current LAI: 2.5083
LAI reward: 0.2475, Current LAI: 2.7558
LAI reward: 0.1496, Current LAI: 2.9054
LAI reward: 0.1857, Current LAI: 3.0910
LAI reward: 0.1573, Current LAI: 3.2484
LAI reward: 0.1259, Current LAI: 3.3742
LAI reward: 0.0524, Current LAI: 3.4267
LAI reward: 0.0351, Current LAI: 3.4618
LAI reward: 0.0441, Current LAI: 3.5059
LAI reward: 0.0368, Current LAI: 3.5426
LAI reward: 0.0587, Current LAI: 3.6014
LAI reward: 0.0557, Current LAI: 3.6570
LAI reward: 0.0218, Current LAI: 3.6788
LAI reward: 0.0150, Current LAI: 3.6938
LAI reward: 0.0450, Current LAI: 3.7387
LAI reward: 0.0223, Current LAI: 3.7610
LAI reward: 0.0058, Current LAI: 3.7668
LAI reward: 0.6611, Current LAI: 3.7954
LAI reward: 9.9240, Current LAI: 3.7201
LAI reward: 24.0906, Current LAI: 3.6399
LAI reward: 41.1765, Current LAI: 3.5584
LAI reward: 60.9066, Current LAI: 3.4816
LAI reward: 77.2263, Current LAI: 3.3853
LAI reward: 95.4557, Current LAI: 3.3122
LAI reward: 117.1416, Current LAI: 3.2451
LAI reward: 141.4898, Current LAI: 3.1936
LAI reward: 162.8718, Current LAI: 3.1287
LAI reward: 180.2910, Current LAI: 3.0601
LAI reward: 206.1015, Current LAI: 3.0083
LAI reward: 232.1288, Current LAI: 2.9566
LAI reward: 254.1113, Current LAI: 2.8962
LAI reward: 274.3374, Current LAI: 2.8318
LAI reward: 291.9240, Current LAI: 2.7657
LAI reward: 308.9238, Current LAI: 2.7020
LAI reward: 328.7375, Current LAI: 2.6398
LAI reward: 351.4211, Current LAI: 2.5863
LAI reward: 378.5014, Current LAI: 2.5445
LAI reward: 407.4805, Current LAI: 2.5174
LAI reward: 438.7868, Current LAI: 2.4986
LAI reward: 464.4025, Current LAI: 2.4708
LAI reward: 497.3630, Current LAI: 2.4455
LAI reward: 536.3150, Current LAI: 2.4394
LAI reward: 570.1945, Current LAI: 2.4345
LAI reward: 605.7455, Current LAI: 2.4283
LAI reward: 636.0552, Current LAI: 2.4173
LAI reward: 661.5083, Current LAI: 2.4025
LAI reward: 689.1914, Current LAI: 2.3927
LAI reward: 715.5356, Current LAI: 2.3831
LAI reward: 736.9997, Current LAI: 2.3728
LAI reward: 756.5230, Current LAI: 2.3634
LAI reward: 788.7178, Current LAI: 2.3736
LAI reward: 804.4556, Current LAI: 2.3646
LAI reward: 838.9797, Current LAI: 2.3746
LAI reward: 874.8207, Current LAI: 2.3816
LAI reward: 926.4402, Current LAI: 2.4057
LAI reward: 977.6501, Current LAI: 2.4340
LAI reward: 1030.1415, Current LAI: 2.4716
LAI reward: 1086.7310, Current LAI: 2.5161
LAI reward: 1148.7630, Current LAI: 2.5738
LAI reward: 1213.5256, Current LAI: 2.6408
LAI reward: 1274.4534, Current LAI: 2.7162
LAI reward: 1330.0171, Current LAI: 2.7967
LAI reward: 1380.8387, Current LAI: 2.8782
LAI reward: 1444.7027, Current LAI: 2.9874
LAI reward: 1519.5904, Current LAI: 3.1039
LAI reward: 1621.2768, Current LAI: 3.2397
LAI reward: 1660.7266, Current LAI: 3.2920
LAI reward: 1769.7013, Current LAI: 3.4495
LAI reward: 1893.6809, Current LAI: 3.6497
LAI reward: 2013.2055, Current LAI: 3.8596
LAI reward: 2115.8178, Current LAI: 4.0631
LAI reward: 2215.5982, Current LAI: 4.2687
LAI reward: 2334.5929, Current LAI: 4.5067
LAI reward: 2429.2512, Current LAI: 4.7254
LAI reward: 2519.6726, Current LAI: 4.9441
LAI reward: 2589.7117, Current LAI: 5.1340
LAI reward: 2659.9889, Current LAI: 5.3167
LAI reward: 2722.5143, Current LAI: 5.4923
LAI reward: 2788.3601, Current LAI: 5.6849
LAI reward: 2850.7734, Current LAI: 5.8573
LAI reward: 2920.1588, Current LAI: 6.0236
LAI reward: 2979.1906, Current LAI: 6.1885
LAI reward: 3030.9509, Current LAI: 6.3452
LAI reward: 3061.8879, Current LAI: 6.4910
LAI reward: 3110.1164, Current LAI: 6.6037
LAI reward: 3161.0873, Current LAI: 6.6831
LAI reward: 3168.6874, Current LAI: 6.6768
LAI reward: 3155.6469, Current LAI: 6.6303
LAI reward: 3123.3961, Current LAI: 6.5465
LAI reward: 3089.9760, Current LAI: 6.4615
LAI reward: 3070.4802, Current LAI: 6.4051
LAI reward: 3043.0797, Current LAI: 6.3339
LAI reward: 3008.3648, Current LAI: 6.2489
LAI reward: 2973.1297, Current LAI: 6.1641
LAI reward: 2936.9989, Current LAI: 6.0785
LAI reward: 2898.0663, Current LAI: 5.9877
LAI reward: 2854.2691, Current LAI: 5.8881
LAI reward: 2809.9104, Current LAI: 5.7880
LAI reward: 2765.2303, Current LAI: 5.6884
LAI reward: 2720.0634, Current LAI: 5.5882
LAI reward: 2674.2428, Current LAI: 5.4871
LAI reward: 2628.0137, Current LAI: 5.3864
LAI reward: 2581.5423, Current LAI: 5.2854
LAI reward: 2534.6328, Current LAI: 5.1839
LAI reward: 2487.1192, Current LAI: 5.0816
LAI reward: 2439.1202, Current LAI: 4.9787
LAI reward: 2390.7616, Current LAI: 4.8755
LAI reward: 2337.3573, Current LAI: 4.7626
LAI reward: 2277.2351, Current LAI: 4.6367
LAI reward: 2210.8146, Current LAI: 4.4986
LAI reward: 2139.1903, Current LAI: 4.3504
LAI reward: 2062.3633, Current LAI: 4.1921
LAI reward: 1980.7104, Current LAI: 4.0244
LAI reward: 1894.5317, Current LAI: 3.8480
LAI reward: 1807.2124, Current LAI: 3.6697
LAI reward: 1720.1589, Current LAI: 3.4923
LAI reward: 1615.1207, Current LAI: 3.2791
LAI reward: 1439.9330, Current LAI: 2.9261
LAI reward: 1209.5481, Current LAI: 2.4628
LAI reward: 964.1818, Current LAI: 1.9695
LAI reward: 733.4567, Current LAI: 1.5056
LAI reward: 536.0834, Current LAI: 1.1086
LAI reward: 380.9478, Current LAI: 0.7962
LAI reward: 266.1279, Current LAI: 0.5647
LAI reward: 266.3593, Current LAI: 0.5647
LAI reward: 266.3593, Current LAI: 0.5647
LAI reward: 266.3593, Current LAI: 0.5647
LAI reward: 266.3593, Current LAI: 0.5647
LAI reward: 266.3593, Current LAI: 0.5647
LAI reward: 266.3593, Current LAI: 0.5647
LAI reward: 266.3593, Current LAI: 0.5647
LAI reward: 266.3593, Current LAI: 0.5647
LAI reward: 266.3593, Current LAI: 0.5647
LAI reward: 266.3593, Current LAI: 0.5647
LAI reward: 266.3593, Current LAI: 0.5647
LAI reward: 266.3593, Current LAI: 0.5647
LAI reward: 266.3593, Current LAI: 0.5647
LAI reward: 266.3593, Current LAI: 0.5647
LAI reward: 266.3593, Current LAI: 0.5647
LAI reward: 266.3593, Current LAI: 0.5647
LAI reward: 266.3593, Current LAI: 0.5647
LAI reward: 266.3593, Current LAI: 0.5647
LAI reward: 266.3593, Current LAI: 0.5647
LAI reward: 266.3593, Current LAI: 0.5647
LAI reward: 266.3593, Current LAI: 0.5647
LAI reward: 266.3593, Current LAI: 0.5647
LAI reward: 266.3593, Current LAI: 0.5647
LAI reward: 266.3593, Current LAI: 0.5647
LAI reward: 266.3593, Current LAI: 0.5647
LAI reward: 266.3593, Current LAI: 0.5647
LAI reward: 266.3593, Current LAI: 0.5647
LAI reward: 266.3593, Current LAI: 0.5647
LAI reward: 266.3593, Current LAI: 0.5647
LAI reward: 266.3593, Current LAI: 0.5647
LAI reward: 266.3593, Current LAI: 0.5647
LAI reward: 266.3593, Current LAI: 0.5647
LAI reward: 266.3593, Current LAI: 0.5647
LAI reward: 266.3593, Current LAI: 0.5647
LAI reward: 266.3593, Current LAI: 0.5647
LAI reward: 266.3593, Current LAI: 0.5647
LAI reward: 266.3593, Current LAI: 0.5647
LAI reward: 266.3593, Current LAI: 0.5647
LAI reward: 266.3593, Current LAI: 0.5647
LAI reward: 266.3593, Current LAI: 0.5647
LAI reward: 266.3593, Current LAI: 0.5647
LAI reward: 266.3593, Current LAI: 0.5647
LAI reward: 266.3593, Current LAI: 0.5647
LAI reward: 266.3593, Current LAI: 0.5647
LAI reward: 266.3593, Current LAI: 0.5647
LAI reward: 266.3593, Current LAI: 0.5647
LAI reward: 266.3593, Current LAI: 0.5647
LAI reward: 266.3593, Current LAI: 0.5647
LAI reward: 266.3593, Current LAI: 0.5647
LAI reward: 266.3593, Current LAI: 0.5647
LAI reward: 266.3593, Current LAI: 0.5647
LAI reward: 266.3593, Current LAI: 0.5647
LAI reward: 266.3593, Current LAI: 0.5647
LAI reward: 266.3593, Current LAI: 0.5647
LAI reward: 266.3593, Current LAI: 0.5647
LAI reward: 266.3593, Current LAI: 0.5647
LAI reward: 266.3593, Current LAI: 0.5647
LAI reward: 266.3593, Current LAI: 0.5647
LAI reward: 266.3593, Current LAI: 0.5647
LAI reward: 266.3593, Current LAI: 0.5647
LAI reward: 266.3593, Current LAI: 0.5647
LAI reward: 266.3593, Current LAI: 0.5647
LAI reward: 266.3593, Current LAI: 0.5647
LAI reward: 266.3593, Current LAI: 0.5647
LAI reward: 266.3593, Current LAI: 0.5647
LAI reward: 266.3593, Current LAI: 0.5647
LAI reward: 266.3593, Current LAI: 0.5647
LAI reward: 266.3593, Current LAI: 0.5647
LAI reward: 266.3593, Current LAI: 0.5647
LAI reward: 266.3593, Current LAI: 0.5647
LAI reward: 266.3593, Current LAI: 0.5647
LAI reward: 266.3593, Current LAI: 0.5647
LAI reward: 266.3593, Current LAI: 0.5647
LAI reward: 266.3593, Current LAI: 0.5647
LAI reward: 266.3593, Current LAI: 0.5647
LAI reward: 266.3593, Current LAI: 0.5647
LAI reward: 266.3593, Current LAI: 0.5647
LAI reward: 266.3593, Current LAI: 0.5647
LAI reward: 266.3593, Current LAI: 0.5647
LAI reward: 0.0547, Current LAI: 0.0547
LAI reward: 0.0000, Current LAI: 0.0547
LAI reward: 0.0000, Current LAI: 0.0547
LAI reward: 0.0000, Current LAI: 0.0547
LAI reward: 0.0000, Current LAI: 0.0547
LAI reward: 0.0000, Current LAI: 0.0547
LAI reward: 0.0000, Current LAI: 0.0547
LAI reward: 0.0000, Current LAI: 0.0547
LAI reward: 0.0000, Current LAI: 0.0547
LAI reward: 0.0000, Current LAI: 0.0547
LAI reward: 0.0000, Current LAI: 0.0547
LAI reward: 0.0000, Current LAI: 0.0547
LAI reward: 0.0000, Current LAI: 0.0547
LAI reward: 0.0000, Current LAI: 0.0547
LAI reward: 0.0000, Current LAI: 0.0547
LAI reward: 0.0000, Current LAI: 0.0547
LAI reward: 0.0000, Current LAI: 0.0547
LAI reward: 0.0000, Current LAI: 0.0547
LAI reward: 0.0000, Current LAI: 0.0547
LAI reward: 0.0000, Current LAI: 0.0547
LAI reward: 0.0000, Current LAI: 0.0547
LAI reward: 0.0000, Current LAI: 0.0547
LAI reward: 0.0000, Current LAI: 0.0547
LAI reward: 0.0000, Current LAI: 0.0547
LAI reward: 0.0000, Current LAI: 0.0547
LAI reward: 0.0000, Current LAI: 0.0547
LAI reward: 0.0000, Current LAI: 0.0547
LAI reward: 0.0000, Current LAI: 0.0547
LAI reward: 0.0000, Current LAI: 0.0547
LAI reward: 0.0000, Current LAI: 0.0547
LAI reward: 0.0000, Current LAI: 0.0547
LAI reward: 0.0000, Current LAI: 0.0547
LAI reward: 0.0000, Current LAI: 0.0547
LAI reward: 0.0000, Current LAI: 0.0547
LAI reward: 0.0000, Current LAI: 0.0547
LAI reward: 0.0000, Current LAI: 0.0547
LAI reward: 0.0000, Current LAI: 0.0547
LAI reward: 0.0000, Current LAI: 0.0547
LAI reward: 0.0000, Current LAI: 0.0547
LAI reward: 0.0000, Current LAI: 0.0547
LAI reward: 0.0000, Current LAI: 0.0547
LAI reward: 0.0000, Current LAI: 0.0547
LAI reward: 0.0000, Current LAI: 0.0547
LAI reward: 0.0000, Current LAI: 0.0547
LAI reward: 0.0000, Current LAI: 0.0547
LAI reward: 0.0000, Current LAI: 0.0547
LAI reward: 0.0000, Current LAI: 0.0547
LAI reward: 0.0000, Current LAI: 0.0547
LAI reward: 0.0000, Current LAI: 0.0547
LAI reward: 0.0000, Current LAI: 0.0547
LAI reward: 0.0000, Current LAI: 0.0547
LAI reward: 0.0000, Current LAI: 0.0547
LAI reward: 0.0000, Current LAI: 0.0547
LAI reward: 0.0000, Current LAI: 0.0547
LAI reward: 0.0000, Current LAI: 0.0547
LAI reward: 0.0000, Current LAI: 0.0547
LAI reward: 0.0000, Current LAI: 0.0547
LAI reward: 0.0000, Current LAI: 0.0547
LAI reward: 0.0000, Current LAI: 0.0547
LAI reward: 0.0000, Current LAI: 0.0547
LAI reward: 0.0000, Current LAI: 0.0547
LAI reward: 0.0000, Current LAI: 0.0547
LAI reward: 0.0000, Current LAI: 0.0547
LAI reward: 0.0000, Current LAI: 0.0547
LAI reward: 0.0000, Current LAI: 0.0547
LAI reward: 0.0000, Current LAI: 0.0547
LAI reward: 0.0000, Current LAI: 0.0547
LAI reward: 0.0000, Current LAI: 0.0547
LAI reward: 0.0000, Current LAI: 0.0547
LAI reward: 0.0000, Current LAI: 0.0547
LAI reward: 0.0000, Current LAI: 0.0547
LAI reward: 0.0000, Current LAI: 0.0547
LAI reward: 0.0000, Current LAI: 0.0547
LAI reward: 0.0000, Current LAI: 0.0547
LAI reward: 0.0000, Current LAI: 0.0547
LAI reward: 0.0000, Current LAI: 0.0547
LAI reward: 0.0000, Current LAI: 0.0547
LAI reward: 0.0000, Current LAI: 0.0547
LAI reward: 0.0000, Current LAI: 0.0547
LAI reward: 0.0000, Current LAI: 0.0547
LAI reward: 0.0000, Current LAI: 0.0547
LAI reward: 0.0000, Current LAI: 0.0547
LAI reward: 0.0000, Current LAI: 0.0547
LAI reward: 0.0000, Current LAI: 0.0547
LAI reward: 0.0000, Current LAI: 0.0547
LAI reward: 0.0000, Current LAI: 0.0547
LAI reward: 0.0000, Current LAI: 0.0547
LAI reward: 0.0000, Current LAI: 0.0547
LAI reward: 0.0000, Current LAI: 0.0547
LAI reward: 0.0000, Current LAI: 0.0547
LAI reward: 0.0000, Current LAI: 0.0547
LAI reward: 0.0000, Current LAI: 0.0547
LAI reward: 0.0000, Current LAI: 0.0547
LAI reward: 0.0000, Current LAI: 0.0547
LAI reward: 0.0000, Current LAI: 0.0547
LAI reward: 0.0000, Current LAI: 0.0547
LAI reward: 0.0000, Current LAI: 0.0547
LAI reward: 0.0000, Current LAI: 0.0547
LAI reward: 0.0000, Current LAI: 0.0547
LAI reward: 0.0000, Current LAI: 0.0547
LAI reward: 0.0000, Current LAI: 0.0547
LAI reward: 0.0000, Current LAI: 0.0547
LAI reward: 0.0000, Current LAI: 0.0547
LAI reward: 0.0000, Current LAI: 0.0547
LAI reward: 0.0000, Current LAI: 0.0547
LAI reward: 0.0000, Current LAI: 0.0547
LAI reward: 0.0000, Current LAI: 0.0547
LAI reward: 0.0000, Current LAI: 0.0547
LAI reward: 0.0054, Current LAI: 0.0600
LAI reward: 0.0127, Current LAI: 0.0728
LAI reward: 0.0144, Current LAI: 0.0872
LAI reward: 0.0145, Current LAI: 0.1017
LAI reward: 0.0200, Current LAI: 0.1217
LAI reward: 0.0238, Current LAI: 0.1455
LAI reward: 0.0378, Current LAI: 0.1832
LAI reward: 0.0468, Current LAI: 0.2301
LAI reward: 0.0502, Current LAI: 0.2803
LAI reward: 0.0681, Current LAI: 0.3484
LAI reward: 0.0534, Current LAI: 0.4018
LAI reward: 0.0131, Current LAI: 0.4149
LAI reward: 0.0431, Current LAI: 0.4580
LAI reward: 0.0985, Current LAI: 0.5565
LAI reward: 0.1310, Current LAI: 0.6875
LAI reward: 0.1580, Current LAI: 0.8455
LAI reward: 0.1849, Current LAI: 1.0305
LAI reward: 0.2079, Current LAI: 1.2384
LAI reward: 0.2144, Current LAI: 1.4527
LAI reward: 0.2073, Current LAI: 1.6600
LAI reward: 0.2116, Current LAI: 1.8716
LAI reward: 0.1953, Current LAI: 2.0670
LAI reward: 0.1874, Current LAI: 2.2543
LAI reward: 0.2279, Current LAI: 2.4823
LAI reward: 0.1401, Current LAI: 2.6224
LAI reward: 0.1624, Current LAI: 2.7848
LAI reward: 0.1264, Current LAI: 2.9113
LAI reward: 0.0973, Current LAI: 3.0085
LAI reward: 0.0920, Current LAI: 3.1005
LAI reward: 0.0770, Current LAI: 3.1775
LAI reward: 0.0634, Current LAI: 3.2409
LAI reward: 0.0725, Current LAI: 3.3133
LAI reward: 0.0579, Current LAI: 3.3713
LAI reward: 0.0431, Current LAI: 3.4144
LAI reward: 0.1171, Current LAI: 3.5315
LAI reward: 0.0963, Current LAI: 3.6278
LAI reward: 0.0854, Current LAI: 3.7132
LAI reward: 0.0524, Current LAI: 3.7656
LAI reward: 0.0382, Current LAI: 3.8038
LAI reward: 0.7522, Current LAI: 3.8559
LAI reward: 9.4613, Current LAI: 3.7902
LAI reward: 22.7200, Current LAI: 3.7153
LAI reward: 40.9632, Current LAI: 3.6415
LAI reward: 63.5374, Current LAI: 3.5750
LAI reward: 84.9266, Current LAI: 3.4907
LAI reward: 103.9372, Current LAI: 3.3955
LAI reward: 126.4417, Current LAI: 3.3198
LAI reward: 150.4011, Current LAI: 3.2732
LAI reward: 173.6421, Current LAI: 3.2146
LAI reward: 191.0990, Current LAI: 3.1489
LAI reward: 217.1753, Current LAI: 3.0797
LAI reward: 244.4673, Current LAI: 3.0363
LAI reward: 271.4884, Current LAI: 2.9992
LAI reward: 298.1693, Current LAI: 2.9549
LAI reward: 323.5996, Current LAI: 2.9053
LAI reward: 348.7127, Current LAI: 2.8551
LAI reward: 376.9423, Current LAI: 2.8116
LAI reward: 404.4002, Current LAI: 2.7619
Using specified RewardWrapper args.env_reward: `RewardWrapper_LAI_v2`
LAI reward: 0.0547, Current LAI: 0.0547
LAI reward: 0.0000, Current LAI: 0.0547
LAI reward: 0.0000, Current LAI: 0.0547
LAI reward: 0.0000, Current LAI: 0.0547
LAI reward: 0.0000, Current LAI: 0.0547
LAI reward: 0.0000, Current LAI: 0.0547
LAI reward: 0.0000, Current LAI: 0.0547
LAI reward: 0.0000, Current LAI: 0.0547
LAI reward: 0.0000, Current LAI: 0.0547
LAI reward: 0.0000, Current LAI: 0.0547
LAI reward: 0.0000, Current LAI: 0.0547
LAI reward: 0.0000, Current LAI: 0.0547
LAI reward: 0.0000, Current LAI: 0.0547
LAI reward: 0.0000, Current LAI: 0.0547
LAI reward: 0.0000, Current LAI: 0.0547
LAI reward: 0.0000, Current LAI: 0.0547
LAI reward: 0.0000, Current LAI: 0.0547
LAI reward: 0.0000, Current LAI: 0.0547
LAI reward: 0.0000, Current LAI: 0.0547
LAI reward: 0.0000, Current LAI: 0.0547
LAI reward: 0.0000, Current LAI: 0.0547
LAI reward: 0.0000, Current LAI: 0.0547
LAI reward: 0.0000, Current LAI: 0.0547
LAI reward: 0.0000, Current LAI: 0.0547
LAI reward: 0.0000, Current LAI: 0.0547
LAI reward: 0.0000, Current LAI: 0.0547
LAI reward: 0.0000, Current LAI: 0.0547
LAI reward: 0.0000, Current LAI: 0.0547
LAI reward: 0.0000, Current LAI: 0.0547
LAI reward: 0.0000, Current LAI: 0.0547
LAI reward: 0.0000, Current LAI: 0.0547
LAI reward: 0.0000, Current LAI: 0.0547
LAI reward: 0.0000, Current LAI: 0.0547
LAI reward: 0.0000, Current LAI: 0.0547
LAI reward: 0.0000, Current LAI: 0.0547
LAI reward: 0.0000, Current LAI: 0.0547
LAI reward: 0.0000, Current LAI: 0.0547
LAI reward: 0.0000, Current LAI: 0.0547
LAI reward: 0.0000, Current LAI: 0.0547
LAI reward: 0.0000, Current LAI: 0.0547
LAI reward: 0.0000, Current LAI: 0.0547
LAI reward: 0.0000, Current LAI: 0.0547
LAI reward: 0.0000, Current LAI: 0.0547
LAI reward: 0.0000, Current LAI: 0.0547
LAI reward: 0.0000, Current LAI: 0.0547
LAI reward: 0.0000, Current LAI: 0.0547
LAI reward: 0.0000, Current LAI: 0.0547
LAI reward: 0.0000, Current LAI: 0.0547
LAI reward: 0.0000, Current LAI: 0.0547
LAI reward: 0.0000, Current LAI: 0.0547
LAI reward: 0.0000, Current LAI: 0.0547
LAI reward: 0.0000, Current LAI: 0.0547
LAI reward: 0.0000, Current LAI: 0.0547
LAI reward: 0.0000, Current LAI: 0.0547
LAI reward: 0.0000, Current LAI: 0.0547
LAI reward: 0.0000, Current LAI: 0.0547
LAI reward: 0.0000, Current LAI: 0.0547
LAI reward: 0.0000, Current LAI: 0.0547
LAI reward: 0.0000, Current LAI: 0.0547
LAI reward: 0.0000, Current LAI: 0.0547
LAI reward: 0.0000, Current LAI: 0.0547
LAI reward: 0.0000, Current LAI: 0.0547
LAI reward: 0.0000, Current LAI: 0.0547
LAI reward: 0.0000, Current LAI: 0.0547
LAI reward: 0.0000, Current LAI: 0.0547
LAI reward: 0.0000, Current LAI: 0.0547
LAI reward: 0.0000, Current LAI: 0.0547
LAI reward: 0.0000, Current LAI: 0.0547
LAI reward: 0.0000, Current LAI: 0.0547
LAI reward: 0.0000, Current LAI: 0.0547
LAI reward: 0.0000, Current LAI: 0.0547
LAI reward: 0.0000, Current LAI: 0.0547
LAI reward: 0.0000, Current LAI: 0.0547
LAI reward: 0.0000, Current LAI: 0.0547
LAI reward: 0.0000, Current LAI: 0.0547
LAI reward: 0.0000, Current LAI: 0.0547
LAI reward: 0.0000, Current LAI: 0.0547
LAI reward: 0.0000, Current LAI: 0.0547
LAI reward: 0.0000, Current LAI: 0.0547
LAI reward: 0.0000, Current LAI: 0.0547
LAI reward: 0.0000, Current LAI: 0.0547
LAI reward: 0.0000, Current LAI: 0.0547
LAI reward: 0.0000, Current LAI: 0.0547
LAI reward: 0.0000, Current LAI: 0.0547
LAI reward: 0.0000, Current LAI: 0.0547
LAI reward: 0.0000, Current LAI: 0.0547
LAI reward: 0.0000, Current LAI: 0.0547
LAI reward: 0.0000, Current LAI: 0.0547
LAI reward: 0.0000, Current LAI: 0.0547
LAI reward: 0.0000, Current LAI: 0.0547
LAI reward: 0.0000, Current LAI: 0.0547
LAI reward: 0.0000, Current LAI: 0.0547
LAI reward: 0.0000, Current LAI: 0.0547
LAI reward: 0.0000, Current LAI: 0.0547
LAI reward: 0.0000, Current LAI: 0.0547
LAI reward: 0.0000, Current LAI: 0.0547
LAI reward: 0.0000, Current LAI: 0.0547
LAI reward: 0.0000, Current LAI: 0.0547
LAI reward: 0.0000, Current LAI: 0.0547
LAI reward: 0.0000, Current LAI: 0.0547
LAI reward: 0.0000, Current LAI: 0.0547
LAI reward: 0.0000, Current LAI: 0.0547
LAI reward: 0.0000, Current LAI: 0.0547
LAI reward: 0.0000, Current LAI: 0.0547
LAI reward: 0.0000, Current LAI: 0.0547
LAI reward: 0.0000, Current LAI: 0.0547
LAI reward: 0.0000, Current LAI: 0.0547
LAI reward: 0.0000, Current LAI: 0.0547
LAI reward: 0.0000, Current LAI: 0.0547
LAI reward: 0.0000, Current LAI: 0.0547
LAI reward: 0.0000, Current LAI: 0.0547
LAI reward: 0.0000, Current LAI: 0.0547
LAI reward: 0.0000, Current LAI: 0.0547
LAI reward: 0.0050, Current LAI: 0.0597
LAI reward: 0.0014, Current LAI: 0.0611
LAI reward: 0.0000, Current LAI: 0.0611
LAI reward: 0.0051, Current LAI: 0.0662
LAI reward: 0.0155, Current LAI: 0.0817
LAI reward: 0.0207, Current LAI: 0.1024
LAI reward: 0.0281, Current LAI: 0.1304
LAI reward: 0.0259, Current LAI: 0.1563
LAI reward: 0.0021, Current LAI: 0.1585
LAI reward: -0.0000, Current LAI: 0.1584
LAI reward: 0.0000, Current LAI: 0.1584
LAI reward: -0.0002, Current LAI: 0.1582
LAI reward: 0.0000, Current LAI: 0.1582
LAI reward: 0.0000, Current LAI: 0.1582
LAI reward: 0.0111, Current LAI: 0.1693
LAI reward: 0.0295, Current LAI: 0.1988
LAI reward: 0.0501, Current LAI: 0.2489
LAI reward: 0.0650, Current LAI: 0.3139
LAI reward: 0.0566, Current LAI: 0.3705
LAI reward: 0.0673, Current LAI: 0.4377
LAI reward: 0.0942, Current LAI: 0.5320
LAI reward: 0.1336, Current LAI: 0.6656
LAI reward: 0.1516, Current LAI: 0.8172
LAI reward: 0.1376, Current LAI: 0.9548
LAI reward: 0.1958, Current LAI: 1.1506
LAI reward: 0.1333, Current LAI: 1.2839
LAI reward: 0.1987, Current LAI: 1.4825
LAI reward: 0.2077, Current LAI: 1.6902
LAI reward: 0.2733, Current LAI: 1.9635
LAI reward: 0.3174, Current LAI: 2.2809
LAI reward: 0.2586, Current LAI: 2.5395
LAI reward: 0.2437, Current LAI: 2.7833
LAI reward: 0.2319, Current LAI: 3.0152
LAI reward: 0.2404, Current LAI: 3.2556
LAI reward: 0.1130, Current LAI: 3.3686
LAI reward: 0.1167, Current LAI: 3.4853
LAI reward: 0.0969, Current LAI: 3.5822
LAI reward: 0.0455, Current LAI: 3.6277
LAI reward: 0.0524, Current LAI: 3.6801
LAI reward: 0.0318, Current LAI: 3.7119
LAI reward: 0.0153, Current LAI: 3.7272
LAI reward: -0.0026, Current LAI: 3.7246
LAI reward: -0.0012, Current LAI: 3.7234
LAI reward: -0.0208, Current LAI: 3.7026
LAI reward: -0.0327, Current LAI: 3.6699
LAI reward: -0.0090, Current LAI: 3.6608
LAI reward: 0.0150, Current LAI: 3.6759
LAI reward: 0.0276, Current LAI: 3.7035
LAI reward: 0.0183, Current LAI: 3.7218
LAI reward: 10.0504, Current LAI: 3.6526
LAI reward: 24.2557, Current LAI: 3.5484
LAI reward: 37.8102, Current LAI: 3.4426
LAI reward: 54.2136, Current LAI: 3.3565
LAI reward: 70.4637, Current LAI: 3.2841
LAI reward: 87.4987, Current LAI: 3.2139
LAI reward: 106.4420, Current LAI: 3.1490
LAI reward: 123.7327, Current LAI: 3.0820
LAI reward: 137.9343, Current LAI: 3.0063
LAI reward: 150.6211, Current LAI: 2.9282
LAI reward: 169.3490, Current LAI: 2.8733
LAI reward: 192.4597, Current LAI: 2.8320
LAI reward: 211.9439, Current LAI: 2.7843
LAI reward: 226.3760, Current LAI: 2.7266
LAI reward: 244.5858, Current LAI: 2.6759
LAI reward: 261.0968, Current LAI: 2.6269
LAI reward: 283.2235, Current LAI: 2.5826
LAI reward: 307.8546, Current LAI: 2.5443
LAI reward: 330.0072, Current LAI: 2.5021
LAI reward: 354.8283, Current LAI: 2.4714
LAI reward: 377.4969, Current LAI: 2.4357
LAI reward: 403.8658, Current LAI: 2.4033
LAI reward: 436.2717, Current LAI: 2.3888
LAI reward: 467.0379, Current LAI: 2.3807
LAI reward: 493.3867, Current LAI: 2.3691
LAI reward: 532.1289, Current LAI: 2.3745
LAI reward: 570.0957, Current LAI: 2.3830
LAI reward: 600.2995, Current LAI: 2.3866
LAI reward: 621.7316, Current LAI: 2.3842
LAI reward: 629.7790, Current LAI: 2.3693
LAI reward: 651.4281, Current LAI: 2.3700
LAI reward: 683.6098, Current LAI: 2.3798
LAI reward: 732.0172, Current LAI: 2.4145
LAI reward: 777.8575, Current LAI: 2.4506
LAI reward: 828.1490, Current LAI: 2.4969
LAI reward: 883.0563, Current LAI: 2.5526
LAI reward: 944.0687, Current LAI: 2.6214
LAI reward: 1008.0408, Current LAI: 2.6976
LAI reward: 1064.2049, Current LAI: 2.7726
LAI reward: 1126.7666, Current LAI: 2.8682
LAI reward: 1182.7721, Current LAI: 2.9632
LAI reward: 1240.0622, Current LAI: 3.0649
LAI reward: 1303.0450, Current LAI: 3.1809
LAI reward: 1391.2454, Current LAI: 3.3386
LAI reward: 1479.0338, Current LAI: 3.4972
LAI reward: 1560.0273, Current LAI: 3.6542
LAI reward: 1631.2301, Current LAI: 3.8048
LAI reward: 1703.0842, Current LAI: 3.9580
LAI reward: 1815.1099, Current LAI: 4.1747
LAI reward: 1899.6034, Current LAI: 4.3619
LAI reward: 2002.7593, Current LAI: 4.5828
LAI reward: 2103.3366, Current LAI: 4.8001
LAI reward: 2220.1886, Current LAI: 5.0321
LAI reward: 2353.7608, Current LAI: 5.3117
LAI reward: 2478.0018, Current LAI: 5.5770
LAI reward: 2592.5227, Current LAI: 5.8401
LAI reward: 2706.0804, Current LAI: 6.1264
LAI reward: 2793.6827, Current LAI: 6.3825
LAI reward: 2875.2081, Current LAI: 6.5657
LAI reward: 2964.6021, Current LAI: 6.7252
LAI reward: 2995.4699, Current LAI: 6.7675
LAI reward: 3005.4785, Current LAI: 6.7682
LAI reward: 3027.2160, Current LAI: 6.7931
LAI reward: 3054.8953, Current LAI: 6.8306
LAI reward: 3086.2301, Current LAI: 6.8761
LAI reward: 3104.0318, Current LAI: 6.8952
LAI reward: 3136.6079, Current LAI: 6.9443
LAI reward: 3150.4763, Current LAI: 6.9549
LAI reward: 3169.8088, Current LAI: 6.9753
LAI reward: 3196.4033, Current LAI: 7.0094
LAI reward: 3207.9604, Current LAI: 7.0127
LAI reward: 3201.0217, Current LAI: 6.9786
LAI reward: 3210.6713, Current LAI: 6.9775
LAI reward: 3212.5812, Current LAI: 6.9609
LAI reward: 3214.8962, Current LAI: 6.9453
LAI reward: 3200.6222, Current LAI: 6.8967
LAI reward: 3173.3634, Current LAI: 6.8221
LAI reward: 3137.4803, Current LAI: 6.7307
LAI reward: 3106.7538, Current LAI: 6.6499
LAI reward: 3063.7038, Current LAI: 6.5455
LAI reward: 3010.3424, Current LAI: 6.4212
LAI reward: 2948.3388, Current LAI: 6.2808
LAI reward: 2889.1163, Current LAI: 6.1474
LAI reward: 2860.4856, Current LAI: 6.0777
LAI reward: 2819.2006, Current LAI: 5.9838
LAI reward: 2776.7978, Current LAI: 5.8888
LAI reward: 2717.2071, Current LAI: 5.7604
LAI reward: 2665.4802, Current LAI: 5.6489
LAI reward: 2602.5050, Current LAI: 5.5160
LAI reward: 2523.1630, Current LAI: 5.3510
LAI reward: 2394.1544, Current LAI: 5.0868
LAI reward: 2153.6692, Current LAI: 4.5998
LAI reward: 2154.1562, Current LAI: 4.5998
LAI reward: 2154.1562, Current LAI: 4.5998
LAI reward: 2154.1562, Current LAI: 4.5998
LAI reward: 2154.1562, Current LAI: 4.5998
LAI reward: 2154.1562, Current LAI: 4.5998
LAI reward: 2154.1562, Current LAI: 4.5998
LAI reward: 2154.1562, Current LAI: 4.5998
LAI reward: 2154.1562, Current LAI: 4.5998
LAI reward: 2154.1562, Current LAI: 4.5998
LAI reward: 2154.1562, Current LAI: 4.5998
LAI reward: 2154.1562, Current LAI: 4.5998
LAI reward: 2154.1562, Current LAI: 4.5998
LAI reward: 2154.1562, Current LAI: 4.5998
LAI reward: 2154.1562, Current LAI: 4.5998
LAI reward: 2154.1562, Current LAI: 4.5998
LAI reward: 2154.1562, Current LAI: 4.5998
LAI reward: 2154.1562, Current LAI: 4.5998
LAI reward: 2154.1562, Current LAI: 4.5998
LAI reward: 2154.1562, Current LAI: 4.5998
LAI reward: 2154.1562, Current LAI: 4.5998
LAI reward: 2154.1562, Current LAI: 4.5998
LAI reward: 2154.1562, Current LAI: 4.5998
LAI reward: 2154.1562, Current LAI: 4.5998
LAI reward: 2154.1562, Current LAI: 4.5998
LAI reward: 2154.1562, Current LAI: 4.5998
LAI reward: 2154.1562, Current LAI: 4.5998
LAI reward: 2154.1562, Current LAI: 4.5998
LAI reward: 2154.1562, Current LAI: 4.5998
LAI reward: 2154.1562, Current LAI: 4.5998
LAI reward: 2154.1562, Current LAI: 4.5998
LAI reward: 2154.1562, Current LAI: 4.5998
LAI reward: 2154.1562, Current LAI: 4.5998
LAI reward: 2154.1562, Current LAI: 4.5998
LAI reward: 2154.1562, Current LAI: 4.5998
LAI reward: 2154.1562, Current LAI: 4.5998
LAI reward: 2154.1562, Current LAI: 4.5998
LAI reward: 2154.1562, Current LAI: 4.5998
LAI reward: 2154.1562, Current LAI: 4.5998
LAI reward: 2154.1562, Current LAI: 4.5998
LAI reward: 2154.1562, Current LAI: 4.5998
LAI reward: 2154.1562, Current LAI: 4.5998
LAI reward: 2154.1562, Current LAI: 4.5998
LAI reward: 2154.1562, Current LAI: 4.5998
LAI reward: 2154.1562, Current LAI: 4.5998
LAI reward: 2154.1562, Current LAI: 4.5998
LAI reward: 2154.1562, Current LAI: 4.5998
LAI reward: 2154.1562, Current LAI: 4.5998
LAI reward: 2154.1562, Current LAI: 4.5998
LAI reward: 2154.1562, Current LAI: 4.5998
LAI reward: 2154.1562, Current LAI: 4.5998
LAI reward: 2154.1562, Current LAI: 4.5998
LAI reward: 2154.1562, Current LAI: 4.5998
LAI reward: 2154.1562, Current LAI: 4.5998
LAI reward: 2154.1562, Current LAI: 4.5998
LAI reward: 2154.1562, Current LAI: 4.5998
LAI reward: 2154.1562, Current LAI: 4.5998
LAI reward: 2154.1562, Current LAI: 4.5998
LAI reward: 2154.1562, Current LAI: 4.5998
LAI reward: 2154.1562, Current LAI: 4.5998
LAI reward: 2154.1562, Current LAI: 4.5998
LAI reward: 2154.1562, Current LAI: 4.5998
LAI reward: 2154.1562, Current LAI: 4.5998
LAI reward: 2154.1562, Current LAI: 4.5998
LAI reward: 2154.1562, Current LAI: 4.5998
LAI reward: 2154.1562, Current LAI: 4.5998
LAI reward: 2154.1562, Current LAI: 4.5998
LAI reward: 2154.1562, Current LAI: 4.5998
LAI reward: 2154.1562, Current LAI: 4.5998
LAI reward: 2154.1562, Current LAI: 4.5998
LAI reward: 2154.1562, Current LAI: 4.5998
LAI reward: 2154.1562, Current LAI: 4.5998
LAI reward: 2154.1562, Current LAI: 4.5998
LAI reward: 2154.1562, Current LAI: 4.5998
LAI reward: 2154.1562, Current LAI: 4.5998
LAI reward: 2154.1562, Current LAI: 4.5998
LAI reward: 2154.1562, Current LAI: 4.5998
LAI reward: 2154.1562, Current LAI: 4.5998
LAI reward: 2154.1562, Current LAI: 4.5998
LAI reward: 2154.1562, Current LAI: 4.5998
LAI reward: 0.0547, Current LAI: 0.0547
LAI reward: 0.0000, Current LAI: 0.0547
LAI reward: 0.0000, Current LAI: 0.0547
LAI reward: 0.0000, Current LAI: 0.0547
LAI reward: 0.0000, Current LAI: 0.0547
LAI reward: 0.0000, Current LAI: 0.0547
LAI reward: 0.0000, Current LAI: 0.0547
LAI reward: 0.0000, Current LAI: 0.0547
LAI reward: 0.0000, Current LAI: 0.0547
LAI reward: 0.0000, Current LAI: 0.0547
LAI reward: 0.0000, Current LAI: 0.0547
LAI reward: 0.0000, Current LAI: 0.0547
LAI reward: 0.0000, Current LAI: 0.0547
LAI reward: 0.0000, Current LAI: 0.0547
LAI reward: 0.0000, Current LAI: 0.0547
LAI reward: 0.0000, Current LAI: 0.0547
LAI reward: 0.0000, Current LAI: 0.0547
LAI reward: 0.0000, Current LAI: 0.0547
LAI reward: 0.0000, Current LAI: 0.0547
LAI reward: 0.0000, Current LAI: 0.0547
LAI reward: 0.0000, Current LAI: 0.0547
LAI reward: 0.0000, Current LAI: 0.0547
LAI reward: 0.0000, Current LAI: 0.0547
LAI reward: 0.0000, Current LAI: 0.0547
LAI reward: 0.0000, Current LAI: 0.0547
LAI reward: 0.0000, Current LAI: 0.0547
LAI reward: 0.0000, Current LAI: 0.0547
LAI reward: 0.0000, Current LAI: 0.0547
LAI reward: 0.0000, Current LAI: 0.0547
LAI reward: 0.0000, Current LAI: 0.0547
LAI reward: 0.0000, Current LAI: 0.0547
LAI reward: 0.0000, Current LAI: 0.0547
LAI reward: 0.0000, Current LAI: 0.0547
LAI reward: 0.0000, Current LAI: 0.0547
LAI reward: 0.0000, Current LAI: 0.0547
LAI reward: 0.0000, Current LAI: 0.0547
LAI reward: 0.0000, Current LAI: 0.0547
LAI reward: 0.0000, Current LAI: 0.0547
LAI reward: 0.0000, Current LAI: 0.0547
LAI reward: 0.0000, Current LAI: 0.0547
LAI reward: 0.0000, Current LAI: 0.0547
LAI reward: 0.0000, Current LAI: 0.0547
LAI reward: 0.0000, Current LAI: 0.0547
LAI reward: 0.0000, Current LAI: 0.0547
LAI reward: 0.0000, Current LAI: 0.0547
LAI reward: 0.0000, Current LAI: 0.0547
LAI reward: 0.0000, Current LAI: 0.0547
LAI reward: 0.0000, Current LAI: 0.0547
LAI reward: 0.0000, Current LAI: 0.0547
LAI reward: 0.0000, Current LAI: 0.0547
LAI reward: 0.0000, Current LAI: 0.0547
LAI reward: 0.0000, Current LAI: 0.0547
LAI reward: 0.0000, Current LAI: 0.0547
LAI reward: 0.0000, Current LAI: 0.0547
LAI reward: 0.0000, Current LAI: 0.0547
LAI reward: 0.0000, Current LAI: 0.0547
LAI reward: 0.0000, Current LAI: 0.0547
LAI reward: 0.0000, Current LAI: 0.0547
LAI reward: 0.0000, Current LAI: 0.0547
LAI reward: 0.0000, Current LAI: 0.0547
LAI reward: 0.0000, Current LAI: 0.0547
LAI reward: 0.0000, Current LAI: 0.0547
LAI reward: 0.0000, Current LAI: 0.0547
LAI reward: 0.0000, Current LAI: 0.0547
LAI reward: 0.0000, Current LAI: 0.0547
LAI reward: 0.0000, Current LAI: 0.0547
LAI reward: 0.0000, Current LAI: 0.0547
LAI reward: 0.0000, Current LAI: 0.0547
LAI reward: 0.0000, Current LAI: 0.0547
LAI reward: 0.0000, Current LAI: 0.0547
LAI reward: 0.0000, Current LAI: 0.0547
LAI reward: 0.0000, Current LAI: 0.0547
LAI reward: 0.0000, Current LAI: 0.0547
LAI reward: 0.0000, Current LAI: 0.0547
LAI reward: 0.0000, Current LAI: 0.0547
LAI reward: 0.0000, Current LAI: 0.0547
LAI reward: 0.0000, Current LAI: 0.0547
LAI reward: 0.0000, Current LAI: 0.0547
LAI reward: 0.0000, Current LAI: 0.0547
LAI reward: 0.0000, Current LAI: 0.0547
LAI reward: 0.0000, Current LAI: 0.0547
LAI reward: 0.0000, Current LAI: 0.0547
LAI reward: 0.0000, Current LAI: 0.0547
LAI reward: 0.0000, Current LAI: 0.0547
LAI reward: 0.0000, Current LAI: 0.0547
LAI reward: 0.0000, Current LAI: 0.0547
LAI reward: 0.0000, Current LAI: 0.0547
LAI reward: 0.0000, Current LAI: 0.0547
LAI reward: 0.0000, Current LAI: 0.0547
LAI reward: 0.0000, Current LAI: 0.0547
LAI reward: 0.0000, Current LAI: 0.0547
LAI reward: 0.0000, Current LAI: 0.0547
LAI reward: 0.0000, Current LAI: 0.0547
LAI reward: 0.0000, Current LAI: 0.0547
LAI reward: 0.0000, Current LAI: 0.0547
LAI reward: 0.0000, Current LAI: 0.0547
LAI reward: 0.0000, Current LAI: 0.0547
LAI reward: 0.0000, Current LAI: 0.0547
LAI reward: 0.0000, Current LAI: 0.0547
LAI reward: 0.0000, Current LAI: 0.0547
LAI reward: 0.0000, Current LAI: 0.0547
LAI reward: 0.0000, Current LAI: 0.0547
LAI reward: 0.0000, Current LAI: 0.0547
LAI reward: 0.0000, Current LAI: 0.0547
LAI reward: 0.0000, Current LAI: 0.0547
LAI reward: 0.0000, Current LAI: 0.0547
LAI reward: 0.0000, Current LAI: 0.0547
LAI reward: 0.0000, Current LAI: 0.0547
LAI reward: 0.0000, Current LAI: 0.0547
LAI reward: 0.0000, Current LAI: 0.0547
LAI reward: 0.0000, Current LAI: 0.0547
LAI reward: 0.0000, Current LAI: 0.0547
LAI reward: 0.0000, Current LAI: 0.0547
LAI reward: 0.0000, Current LAI: 0.0547
LAI reward: 0.0134, Current LAI: 0.0681
LAI reward: 0.0158, Current LAI: 0.0839
LAI reward: 0.0106, Current LAI: 0.0945
LAI reward: 0.0134, Current LAI: 0.1079
LAI reward: 0.0133, Current LAI: 0.1212
LAI reward: 0.0245, Current LAI: 0.1457
LAI reward: 0.0395, Current LAI: 0.1852
LAI reward: 0.0480, Current LAI: 0.2332
LAI reward: 0.0551, Current LAI: 0.2883
LAI reward: 0.0398, Current LAI: 0.3281
LAI reward: 0.0474, Current LAI: 0.3755
LAI reward: 0.0895, Current LAI: 0.4650
LAI reward: 0.0940, Current LAI: 0.5591
LAI reward: 0.1073, Current LAI: 0.6664
LAI reward: 0.1038, Current LAI: 0.7702
LAI reward: 0.1462, Current LAI: 0.9164
LAI reward: 0.2009, Current LAI: 1.1174
LAI reward: 0.2173, Current LAI: 1.3347
LAI reward: 0.2550, Current LAI: 1.5896
LAI reward: 0.2469, Current LAI: 1.8366
LAI reward: 0.2019, Current LAI: 2.0385
LAI reward: 0.1830, Current LAI: 2.2215
LAI reward: 0.1430, Current LAI: 2.3646
LAI reward: 0.1643, Current LAI: 2.5289
LAI reward: 0.1134, Current LAI: 2.6423
LAI reward: 0.1246, Current LAI: 2.7669
LAI reward: 0.0698, Current LAI: 2.8367
LAI reward: 0.0831, Current LAI: 2.9197
LAI reward: 0.0484, Current LAI: 2.9681
LAI reward: 0.0308, Current LAI: 2.9989
LAI reward: 5.3380, Current LAI: 2.9831
LAI reward: 25.1459, Current LAI: 2.9583
LAI reward: 41.7574, Current LAI: 2.9068
LAI reward: 59.8011, Current LAI: 2.8512
LAI reward: 79.7566, Current LAI: 2.8025
LAI reward: 97.3372, Current LAI: 2.7783
LAI reward: 119.9921, Current LAI: 2.7426
LAI reward: 145.4629, Current LAI: 2.7183
LAI reward: 167.4997, Current LAI: 2.6690
LAI reward: 194.7349, Current LAI: 2.6338
LAI reward: 219.7365, Current LAI: 2.5884
LAI reward: 245.6484, Current LAI: 2.5459
LAI reward: 267.5535, Current LAI: 2.4895
LAI reward: 288.9702, Current LAI: 2.4368
LAI reward: 304.4774, Current LAI: 2.3783
LAI reward: 321.4284, Current LAI: 2.3277
LAI reward: 344.1703, Current LAI: 2.2906
LAI reward: 365.9892, Current LAI: 2.2572
LAI reward: 392.4431, Current LAI: 2.2398
LAI reward: 417.0114, Current LAI: 2.2196
LAI reward: 439.5710, Current LAI: 2.1965
LAI reward: 461.4583, Current LAI: 2.1762
LAI reward: 480.8361, Current LAI: 2.1568
LAI reward: 497.9978, Current LAI: 2.1431
LAI reward: 517.7530, Current LAI: 2.1299
LAI reward: 541.8697, Current LAI: 2.1318
LAI reward: 564.8240, Current LAI: 2.1281
LAI reward: 589.0210, Current LAI: 2.1222
LAI reward: 612.9600, Current LAI: 2.1148
LAI reward: 637.8221, Current LAI: 2.1154
LAI reward: 667.7371, Current LAI: 2.1182
LAI reward: 702.6760, Current LAI: 2.1285
LAI reward: 736.5136, Current LAI: 2.1425
LAI reward: 770.5760, Current LAI: 2.1551
LAI reward: 804.0012, Current LAI: 2.1685
LAI reward: 834.2532, Current LAI: 2.1821
LAI reward: 865.5415, Current LAI: 2.1947
LAI reward: 898.4488, Current LAI: 2.2027
LAI reward: 942.3510, Current LAI: 2.2310
LAI reward: 979.3344, Current LAI: 2.2584
LAI reward: 1015.3903, Current LAI: 2.2955
LAI reward: 1056.9362, Current LAI: 2.3408
LAI reward: 1105.5242, Current LAI: 2.3923
LAI reward: 1160.0672, Current LAI: 2.4592
LAI reward: 1211.3211, Current LAI: 2.5282
LAI reward: 1278.0830, Current LAI: 2.6185
LAI reward: 1358.9602, Current LAI: 2.7385
LAI reward: 1425.9878, Current LAI: 2.8547
LAI reward: 1481.8696, Current LAI: 2.9651
LAI reward: 1548.8253, Current LAI: 3.0924
LAI reward: 1629.4528, Current LAI: 3.2490
LAI reward: 1709.0925, Current LAI: 3.4194
LAI reward: 1780.4146, Current LAI: 3.5797
LAI reward: 1860.3852, Current LAI: 3.7494
LAI reward: 1943.3439, Current LAI: 3.9281
LAI reward: 2028.9084, Current LAI: 4.1053
LAI reward: 2104.8266, Current LAI: 4.2742
LAI reward: 2166.6451, Current LAI: 4.4341
LAI reward: 2204.8438, Current LAI: 4.5761
LAI reward: 2247.8718, Current LAI: 4.7267
LAI reward: 2285.5364, Current LAI: 4.8707
LAI reward: 2312.5582, Current LAI: 4.9994
LAI reward: 2364.5066, Current LAI: 5.1829
LAI reward: 2430.1827, Current LAI: 5.3480
LAI reward: 2483.0228, Current LAI: 5.4293
LAI reward: 2499.6989, Current LAI: 5.4387
LAI reward: 2509.5948, Current LAI: 5.4350
LAI reward: 2520.6893, Current LAI: 5.4342
LAI reward: 2550.8803, Current LAI: 5.4734
LAI reward: 2577.9935, Current LAI: 5.5071
LAI reward: 2592.9072, Current LAI: 5.5174
LAI reward: 2588.7640, Current LAI: 5.4902
LAI reward: 2565.4688, Current LAI: 5.4253
LAI reward: 2534.0190, Current LAI: 5.3446
LAI reward: 2496.6306, Current LAI: 5.2526
LAI reward: 2455.0414, Current LAI: 5.1531
LAI reward: 2412.4347, Current LAI: 5.0522
LAI reward: 2377.3974, Current LAI: 4.9671
LAI reward: 2342.7061, Current LAI: 4.8838
LAI reward: 2301.6598, Current LAI: 4.7885
LAI reward: 2256.3257, Current LAI: 4.6855
LAI reward: 2207.5640, Current LAI: 4.5762
LAI reward: 2151.3926, Current LAI: 4.4527
LAI reward: 2088.2095, Current LAI: 4.3160
LAI reward: 2019.7297, Current LAI: 4.1695
LAI reward: 1946.9313, Current LAI: 4.0150
LAI reward: 1869.7685, Current LAI: 3.8524
LAI reward: 1795.9257, Current LAI: 3.6969
LAI reward: 1721.5828, Current LAI: 3.5411
LAI reward: 1653.5923, Current LAI: 3.3983
LAI reward: 1523.3170, Current LAI: 3.1322
LAI reward: 1361.5966, Current LAI: 2.8036
LAI reward: 1189.9687, Current LAI: 2.4555
LAI reward: 1034.9574, Current LAI: 2.1411
LAI reward: 868.4650, Current LAI: 1.8043
LAI reward: 684.8249, Current LAI: 1.4335
LAI reward: 514.8105, Current LAI: 1.0904
LAI reward: 369.0294, Current LAI: 0.7962
LAI reward: 253.9839, Current LAI: 0.5642
LAI reward: 165.8514, Current LAI: 0.3866
LAI reward: 103.1804, Current LAI: 0.2599
LAI reward: 59.9155, Current LAI: 0.1721
LAI reward: 35.1013, Current LAI: 0.1213
LAI reward: 20.5287, Current LAI: 0.0909
LAI reward: 11.9845, Current LAI: 0.0727
LAI reward: 7.6596, Current LAI: 0.0629
LAI reward: 5.7002, Current LAI: 0.0579
LAI reward: 4.2042, Current LAI: 0.0539
LAI reward: 3.3338, Current LAI: 0.0511
LAI reward: 2.8371, Current LAI: 0.0492
LAI reward: 2.8391, Current LAI: 0.0492
LAI reward: 2.8391, Current LAI: 0.0492
LAI reward: 2.8391, Current LAI: 0.0492
LAI reward: 2.8391, Current LAI: 0.0492
LAI reward: 2.8391, Current LAI: 0.0492
LAI reward: 2.8391, Current LAI: 0.0492
LAI reward: 2.8391, Current LAI: 0.0492
LAI reward: 2.8391, Current LAI: 0.0492
LAI reward: 2.8391, Current LAI: 0.0492
LAI reward: 2.8391, Current LAI: 0.0492
LAI reward: 2.8391, Current LAI: 0.0492
LAI reward: 2.8391, Current LAI: 0.0492
LAI reward: 2.8391, Current LAI: 0.0492
LAI reward: 2.8391, Current LAI: 0.0492
LAI reward: 2.8391, Current LAI: 0.0492
LAI reward: 2.8391, Current LAI: 0.0492
LAI reward: 2.8391, Current LAI: 0.0492
LAI reward: 2.8391, Current LAI: 0.0492
LAI reward: 2.8391, Current LAI: 0.0492
LAI reward: 2.8391, Current LAI: 0.0492
LAI reward: 2.8391, Current LAI: 0.0492
LAI reward: 2.8391, Current LAI: 0.0492
LAI reward: 2.8391, Current LAI: 0.0492
LAI reward: 2.8391, Current LAI: 0.0492
LAI reward: 2.8391, Current LAI: 0.0492
LAI reward: 2.8391, Current LAI: 0.0492
LAI reward: 2.8391, Current LAI: 0.0492
LAI reward: 2.8391, Current LAI: 0.0492
LAI reward: 2.8391, Current LAI: 0.0492
LAI reward: 2.8391, Current LAI: 0.0492
LAI reward: 2.8391, Current LAI: 0.0492
LAI reward: 2.8391, Current LAI: 0.0492
LAI reward: 2.8391, Current LAI: 0.0492
LAI reward: 2.8391, Current LAI: 0.0492
LAI reward: 2.8391, Current LAI: 0.0492
LAI reward: 2.8391, Current LAI: 0.0492
LAI reward: 2.8391, Current LAI: 0.0492
LAI reward: 2.8391, Current LAI: 0.0492
LAI reward: 2.8391, Current LAI: 0.0492
LAI reward: 2.8391, Current LAI: 0.0492
LAI reward: 2.8391, Current LAI: 0.0492
LAI reward: 2.8391, Current LAI: 0.0492
LAI reward: 2.8391, Current LAI: 0.0492
LAI reward: 2.8391, Current LAI: 0.0492
LAI reward: 2.8391, Current LAI: 0.0492
LAI reward: 2.8391, Current LAI: 0.0492
LAI reward: 2.8391, Current LAI: 0.0492
LAI reward: 2.8391, Current LAI: 0.0492
LAI reward: 2.8391, Current LAI: 0.0492
LAI reward: 2.8391, Current LAI: 0.0492
LAI reward: 2.8391, Current LAI: 0.0492
LAI reward: 2.8391, Current LAI: 0.0492
LAI reward: 2.8391, Current LAI: 0.0492
LAI reward: 2.8391, Current LAI: 0.0492
LAI reward: 2.8391, Current LAI: 0.0492
LAI reward: 2.8391, Current LAI: 0.0492
LAI reward: 2.8391, Current LAI: 0.0492
LAI reward: 2.8391, Current LAI: 0.0492
LAI reward: 2.8391, Current LAI: 0.0492
LAI reward: 2.8391, Current LAI: 0.0492
LAI reward: 2.8391, Current LAI: 0.0492
LAI reward: 2.8391, Current LAI: 0.0492
LAI reward: 2.8391, Current LAI: 0.0492
LAI reward: 2.8391, Current LAI: 0.0492
LAI reward: 2.8391, Current LAI: 0.0492
LAI reward: 2.8391, Current LAI: 0.0492
LAI reward: 2.8391, Current LAI: 0.0492
LAI reward: 2.8391, Current LAI: 0.0492
LAI reward: 2.8391, Current LAI: 0.0492
LAI reward: 2.8391, Current LAI: 0.0492
LAI reward: 2.8391, Current LAI: 0.0492
LAI reward: 2.8391, Current LAI: 0.0492
LAI reward: 2.8391, Current LAI: 0.0492
LAI reward: 2.8391, Current LAI: 0.0492
LAI reward: 2.8391, Current LAI: 0.0492
LAI reward: 2.8391, Current LAI: 0.0492
LAI reward: 2.8391, Current LAI: 0.0492
LAI reward: 2.8391, Current LAI: 0.0492
LAI reward: 2.8391, Current LAI: 0.0492
LAI reward: 0.0547, Current LAI: 0.0547
LAI reward: 0.0000, Current LAI: 0.0547
LAI reward: 0.0000, Current LAI: 0.0547
LAI reward: 0.0000, Current LAI: 0.0547
LAI reward: 0.0000, Current LAI: 0.0547
LAI reward: 0.0000, Current LAI: 0.0547
LAI reward: 0.0000, Current LAI: 0.0547
LAI reward: 0.0000, Current LAI: 0.0547
LAI reward: 0.0000, Current LAI: 0.0547
LAI reward: 0.0000, Current LAI: 0.0547
LAI reward: 0.0000, Current LAI: 0.0547
LAI reward: 0.0000, Current LAI: 0.0547
LAI reward: 0.0000, Current LAI: 0.0547
LAI reward: 0.0000, Current LAI: 0.0547
LAI reward: 0.0000, Current LAI: 0.0547
LAI reward: 0.0000, Current LAI: 0.0547
LAI reward: 0.0000, Current LAI: 0.0547
LAI reward: 0.0000, Current LAI: 0.0547
LAI reward: 0.0000, Current LAI: 0.0547
LAI reward: 0.0000, Current LAI: 0.0547
LAI reward: 0.0000, Current LAI: 0.0547
LAI reward: 0.0000, Current LAI: 0.0547
LAI reward: 0.0000, Current LAI: 0.0547
LAI reward: 0.0000, Current LAI: 0.0547
LAI reward: 0.0000, Current LAI: 0.0547
LAI reward: 0.0000, Current LAI: 0.0547
LAI reward: 0.0000, Current LAI: 0.0547
LAI reward: 0.0000, Current LAI: 0.0547
LAI reward: 0.0000, Current LAI: 0.0547
LAI reward: 0.0000, Current LAI: 0.0547
LAI reward: 0.0000, Current LAI: 0.0547
LAI reward: 0.0000, Current LAI: 0.0547
LAI reward: 0.0000, Current LAI: 0.0547
LAI reward: 0.0000, Current LAI: 0.0547
LAI reward: 0.0000, Current LAI: 0.0547
LAI reward: 0.0000, Current LAI: 0.0547
LAI reward: 0.0000, Current LAI: 0.0547
LAI reward: 0.0000, Current LAI: 0.0547
LAI reward: 0.0000, Current LAI: 0.0547
LAI reward: 0.0000, Current LAI: 0.0547
LAI reward: 0.0000, Current LAI: 0.0547
LAI reward: 0.0000, Current LAI: 0.0547
LAI reward: 0.0000, Current LAI: 0.0547
LAI reward: 0.0000, Current LAI: 0.0547
LAI reward: 0.0000, Current LAI: 0.0547
LAI reward: 0.0000, Current LAI: 0.0547
LAI reward: 0.0000, Current LAI: 0.0547
LAI reward: 0.0000, Current LAI: 0.0547
LAI reward: 0.0000, Current LAI: 0.0547
LAI reward: 0.0000, Current LAI: 0.0547
LAI reward: 0.0000, Current LAI: 0.0547
LAI reward: 0.0000, Current LAI: 0.0547
LAI reward: 0.0000, Current LAI: 0.0547
LAI reward: 0.0000, Current LAI: 0.0547
LAI reward: 0.0000, Current LAI: 0.0547
LAI reward: 0.0000, Current LAI: 0.0547
LAI reward: 0.0000, Current LAI: 0.0547
LAI reward: 0.0000, Current LAI: 0.0547
LAI reward: 0.0000, Current LAI: 0.0547
LAI reward: 0.0000, Current LAI: 0.0547
LAI reward: 0.0000, Current LAI: 0.0547
LAI reward: 0.0000, Current LAI: 0.0547
LAI reward: 0.0000, Current LAI: 0.0547
LAI reward: 0.0000, Current LAI: 0.0547
LAI reward: 0.0000, Current LAI: 0.0547
LAI reward: 0.0000, Current LAI: 0.0547
LAI reward: 0.0000, Current LAI: 0.0547
LAI reward: 0.0000, Current LAI: 0.0547
LAI reward: 0.0000, Current LAI: 0.0547
LAI reward: 0.0000, Current LAI: 0.0547
LAI reward: 0.0000, Current LAI: 0.0547
LAI reward: 0.0000, Current LAI: 0.0547
LAI reward: 0.0000, Current LAI: 0.0547
LAI reward: 0.0000, Current LAI: 0.0547
LAI reward: 0.0000, Current LAI: 0.0547
LAI reward: 0.0000, Current LAI: 0.0547
LAI reward: 0.0000, Current LAI: 0.0547
LAI reward: 0.0000, Current LAI: 0.0547
LAI reward: 0.0000, Current LAI: 0.0547
LAI reward: 0.0000, Current LAI: 0.0547
LAI reward: 0.0000, Current LAI: 0.0547
LAI reward: 0.0000, Current LAI: 0.0547
LAI reward: 0.0000, Current LAI: 0.0547
LAI reward: 0.0000, Current LAI: 0.0547
LAI reward: 0.0000, Current LAI: 0.0547
LAI reward: 0.0000, Current LAI: 0.0547
LAI reward: 0.0000, Current LAI: 0.0547
LAI reward: 0.0000, Current LAI: 0.0547
LAI reward: 0.0000, Current LAI: 0.0547
LAI reward: 0.0000, Current LAI: 0.0547
LAI reward: 0.0000, Current LAI: 0.0547
LAI reward: 0.0000, Current LAI: 0.0547
LAI reward: 0.0000, Current LAI: 0.0547
LAI reward: 0.0000, Current LAI: 0.0547
LAI reward: 0.0000, Current LAI: 0.0547
LAI reward: 0.0000, Current LAI: 0.0547
LAI reward: 0.0000, Current LAI: 0.0547
LAI reward: 0.0000, Current LAI: 0.0547
LAI reward: 0.0000, Current LAI: 0.0547
LAI reward: 0.0000, Current LAI: 0.0547
LAI reward: 0.0000, Current LAI: 0.0547
LAI reward: 0.0000, Current LAI: 0.0547
LAI reward: 0.0000, Current LAI: 0.0547
LAI reward: 0.0000, Current LAI: 0.0547
LAI reward: 0.0000, Current LAI: 0.0547
LAI reward: 0.0000, Current LAI: 0.0547
LAI reward: 0.0000, Current LAI: 0.0547
LAI reward: 0.0000, Current LAI: 0.0547
LAI reward: 0.0000, Current LAI: 0.0547
LAI reward: 0.0000, Current LAI: 0.0547
LAI reward: 0.0000, Current LAI: 0.0547
LAI reward: 0.0000, Current LAI: 0.0547
LAI reward: 0.0000, Current LAI: 0.0547
LAI reward: 0.0000, Current LAI: 0.0547
LAI reward: 0.0000, Current LAI: 0.0547
LAI reward: 0.0000, Current LAI: 0.0547
LAI reward: 0.0000, Current LAI: 0.0547
LAI reward: 0.0000, Current LAI: 0.0547
LAI reward: 0.0000, Current LAI: 0.0547
LAI reward: 0.0035, Current LAI: 0.0582
LAI reward: 0.0079, Current LAI: 0.0661
LAI reward: 0.0014, Current LAI: 0.0675
LAI reward: 0.0089, Current LAI: 0.0764
LAI reward: 0.0152, Current LAI: 0.0916
LAI reward: 0.0121, Current LAI: 0.1037
LAI reward: 0.0000, Current LAI: 0.1037
LAI reward: 0.0074, Current LAI: 0.1111
LAI reward: 0.0278, Current LAI: 0.1389
LAI reward: 0.0378, Current LAI: 0.1767
LAI reward: 0.0474, Current LAI: 0.2241
LAI reward: 0.0592, Current LAI: 0.2833
LAI reward: 0.0729, Current LAI: 0.3562
LAI reward: 0.0904, Current LAI: 0.4466
LAI reward: 0.1097, Current LAI: 0.5563
LAI reward: 0.1234, Current LAI: 0.6797
LAI reward: 0.1435, Current LAI: 0.8232
LAI reward: 0.1500, Current LAI: 0.9732
LAI reward: 0.1937, Current LAI: 1.1669
LAI reward: 0.2073, Current LAI: 1.3742
LAI reward: 0.2267, Current LAI: 1.6009
LAI reward: 0.2479, Current LAI: 1.8487
LAI reward: 0.2166, Current LAI: 2.0654
LAI reward: 0.1787, Current LAI: 2.2441
LAI reward: 0.1620, Current LAI: 2.4061
LAI reward: 0.1793, Current LAI: 2.5854
LAI reward: 0.1359, Current LAI: 2.7213
LAI reward: 0.0844, Current LAI: 2.8057
LAI reward: 0.1401, Current LAI: 2.9457
LAI reward: 0.1087, Current LAI: 3.0544
LAI reward: 0.0680, Current LAI: 3.1224
LAI reward: 0.1437, Current LAI: 3.2661
LAI reward: 0.1418, Current LAI: 3.4079
LAI reward: 0.1394, Current LAI: 3.5473
LAI reward: 0.1274, Current LAI: 3.6747
LAI reward: 5.2582, Current LAI: 3.7792
LAI reward: 21.5386, Current LAI: 3.7751
LAI reward: 37.9996, Current LAI: 3.7593
LAI reward: 53.8082, Current LAI: 3.7323
LAI reward: 67.7029, Current LAI: 3.7074
LAI reward: 82.7290, Current LAI: 3.6728
LAI reward: 92.5712, Current LAI: 3.6311
LAI reward: 108.3823, Current LAI: 3.5990
LAI reward: 122.9262, Current LAI: 3.5578
LAI reward: 140.1292, Current LAI: 3.5390
LAI reward: 159.4880, Current LAI: 3.5158
LAI reward: 180.3288, Current LAI: 3.4967
LAI reward: 198.5540, Current LAI: 3.4731
LAI reward: 219.8408, Current LAI: 3.4622
LAI reward: 240.4281, Current LAI: 3.4467
LAI reward: 260.4790, Current LAI: 3.4241
LAI reward: 275.8492, Current LAI: 3.3942
LAI reward: 295.8759, Current LAI: 3.3789
LAI reward: 322.0223, Current LAI: 3.3736
LAI reward: 346.0362, Current LAI: 3.3615
LAI reward: 366.0907, Current LAI: 3.3446
LAI reward: 384.3605, Current LAI: 3.3261
LAI reward: 413.9966, Current LAI: 3.3369
LAI reward: 443.9926, Current LAI: 3.3402
LAI reward: 476.6025, Current LAI: 3.3432
LAI reward: 509.3385, Current LAI: 3.3460
LAI reward: 538.7238, Current LAI: 3.3417
LAI reward: 568.2212, Current LAI: 3.3352
LAI reward: 598.6864, Current LAI: 3.3241
LAI reward: 626.4545, Current LAI: 3.3090
LAI reward: 655.4154, Current LAI: 3.2977
LAI reward: 683.0801, Current LAI: 3.2820
LAI reward: 710.7916, Current LAI: 3.2685
LAI reward: 734.7648, Current LAI: 3.2527
LAI reward: 759.5836, Current LAI: 3.2345
LAI reward: 783.9244, Current LAI: 3.2196
LAI reward: 809.6139, Current LAI: 3.2030
LAI reward: 836.1801, Current LAI: 3.1892
LAI reward: 864.9806, Current LAI: 3.1814
LAI reward: 893.3366, Current LAI: 3.1740
LAI reward: 924.0225, Current LAI: 3.1718
LAI reward: 953.7297, Current LAI: 3.1684
LAI reward: 984.5870, Current LAI: 3.1695
LAI reward: 1013.3120, Current LAI: 3.1750
LAI reward: 1038.0479, Current LAI: 3.1781
LAI reward: 1075.6057, Current LAI: 3.1916
LAI reward: 1113.8258, Current LAI: 3.2077
LAI reward: 1150.7320, Current LAI: 3.2331
LAI reward: 1194.1939, Current LAI: 3.2690
LAI reward: 1241.5294, Current LAI: 3.3064
LAI reward: 1306.7025, Current LAI: 3.3697
LAI reward: 1366.8890, Current LAI: 3.4380
LAI reward: 1422.3822, Current LAI: 3.5068
LAI reward: 1476.6289, Current LAI: 3.5783
LAI reward: 1548.6799, Current LAI: 3.6583
LAI reward: 1632.7568, Current LAI: 3.7650
LAI reward: 1707.4722, Current LAI: 3.8733
LAI reward: 1769.5013, Current LAI: 3.9763
LAI reward: 1822.4493, Current LAI: 4.0742
LAI reward: 1873.9657, Current LAI: 4.1769
LAI reward: 1921.2561, Current LAI: 4.2796
LAI reward: 1974.4922, Current LAI: 4.3978
LAI reward: 2025.3739, Current LAI: 4.5140
LAI reward: 2088.9476, Current LAI: 4.6426
LAI reward: 2152.1038, Current LAI: 4.7639
LAI reward: 2209.7560, Current LAI: 4.8847
LAI reward: 2278.0225, Current LAI: 5.0272
LAI reward: 2373.4910, Current LAI: 5.2277
LAI reward: 2456.1977, Current LAI: 5.4134
LAI reward: 2535.9946, Current LAI: 5.5968
LAI reward: 2625.9090, Current LAI: 5.7753
LAI reward: 2710.8601, Current LAI: 5.9614
LAI reward: 2732.2450, Current LAI: 6.0339
LAI reward: 2841.2302, Current LAI: 6.2879
LAI reward: 2929.7133, Current LAI: 6.5291
LAI reward: 3004.3367, Current LAI: 6.7124
LAI reward: 3067.4185, Current LAI: 6.7994
LAI reward: 3100.5777, Current LAI: 6.8277
LAI reward: 3123.0915, Current LAI: 6.8364
LAI reward: 3145.8393, Current LAI: 6.8473
LAI reward: 3160.2770, Current LAI: 6.8430
LAI reward: 3167.8030, Current LAI: 6.8263
LAI reward: 3164.5677, Current LAI: 6.7898
LAI reward: 3153.3520, Current LAI: 6.7387
LAI reward: 3137.8252, Current LAI: 6.6809
LAI reward: 3118.7177, Current LAI: 6.6175
LAI reward: 3091.1726, Current LAI: 6.5388
LAI reward: 3054.4718, Current LAI: 6.4430
LAI reward: 3010.5488, Current LAI: 6.3343
LAI reward: 2965.8144, Current LAI: 6.2254
LAI reward: 2920.1262, Current LAI: 6.1158
LAI reward: 2873.3981, Current LAI: 6.0050
LAI reward: 2825.8500, Current LAI: 5.8937
LAI reward: 2777.6127, Current LAI: 5.7824
LAI reward: 2728.7454, Current LAI: 5.6708
LAI reward: 2679.1515, Current LAI: 5.5583
LAI reward: 2628.8686, Current LAI: 5.4458
LAI reward: 2578.0413, Current LAI: 5.3325
LAI reward: 2526.7220, Current LAI: 5.2190
LAI reward: 2472.0196, Current LAI: 5.0995
LAI reward: 2472.1391, Current LAI: 5.0995
LAI reward: 2472.1391, Current LAI: 5.0995
LAI reward: 2472.1391, Current LAI: 5.0995
LAI reward: 2472.1391, Current LAI: 5.0995
LAI reward: 2472.1391, Current LAI: 5.0995
LAI reward: 2472.1391, Current LAI: 5.0995
LAI reward: 2472.1391, Current LAI: 5.0995
LAI reward: 2472.1391, Current LAI: 5.0995
LAI reward: 2472.1391, Current LAI: 5.0995
LAI reward: 2472.1391, Current LAI: 5.0995
LAI reward: 2472.1391, Current LAI: 5.0995
LAI reward: 2472.1391, Current LAI: 5.0995
LAI reward: 2472.1391, Current LAI: 5.0995
LAI reward: 2472.1391, Current LAI: 5.0995
LAI reward: 2472.1391, Current LAI: 5.0995
LAI reward: 2472.1391, Current LAI: 5.0995
LAI reward: 2472.1391, Current LAI: 5.0995
LAI reward: 2472.1391, Current LAI: 5.0995
LAI reward: 2472.1391, Current LAI: 5.0995
LAI reward: 2472.1391, Current LAI: 5.0995
LAI reward: 2472.1391, Current LAI: 5.0995
LAI reward: 2472.1391, Current LAI: 5.0995
LAI reward: 2472.1391, Current LAI: 5.0995
LAI reward: 2472.1391, Current LAI: 5.0995
LAI reward: 2472.1391, Current LAI: 5.0995
LAI reward: 2472.1391, Current LAI: 5.0995
LAI reward: 2472.1391, Current LAI: 5.0995
LAI reward: 2472.1391, Current LAI: 5.0995
LAI reward: 2472.1391, Current LAI: 5.0995
LAI reward: 2472.1391, Current LAI: 5.0995
LAI reward: 2472.1391, Current LAI: 5.0995
LAI reward: 2472.1391, Current LAI: 5.0995
LAI reward: 2472.1391, Current LAI: 5.0995
LAI reward: 2472.1391, Current LAI: 5.0995
LAI reward: 2472.1391, Current LAI: 5.0995
LAI reward: 2472.1391, Current LAI: 5.0995
LAI reward: 2472.1391, Current LAI: 5.0995
LAI reward: 2472.1391, Current LAI: 5.0995
LAI reward: 2472.1391, Current LAI: 5.0995
LAI reward: 2472.1391, Current LAI: 5.0995
LAI reward: 2472.1391, Current LAI: 5.0995
LAI reward: 2472.1391, Current LAI: 5.0995
LAI reward: 2472.1391, Current LAI: 5.0995
LAI reward: 2472.1391, Current LAI: 5.0995
LAI reward: 2472.1391, Current LAI: 5.0995
LAI reward: 2472.1391, Current LAI: 5.0995
LAI reward: 2472.1391, Current LAI: 5.0995
LAI reward: 2472.1391, Current LAI: 5.0995
LAI reward: 2472.1391, Current LAI: 5.0995
LAI reward: 2472.1391, Current LAI: 5.0995
LAI reward: 2472.1391, Current LAI: 5.0995
LAI reward: 2472.1391, Current LAI: 5.0995
LAI reward: 2472.1391, Current LAI: 5.0995
LAI reward: 2472.1391, Current LAI: 5.0995
LAI reward: 2472.1391, Current LAI: 5.0995
LAI reward: 2472.1391, Current LAI: 5.0995
LAI reward: 2472.1391, Current LAI: 5.0995
LAI reward: 2472.1391, Current LAI: 5.0995
LAI reward: 2472.1391, Current LAI: 5.0995
LAI reward: 2472.1391, Current LAI: 5.0995
LAI reward: 2472.1391, Current LAI: 5.0995
LAI reward: 2472.1391, Current LAI: 5.0995
LAI reward: 2472.1391, Current LAI: 5.0995
LAI reward: 2472.1391, Current LAI: 5.0995
LAI reward: 2472.1391, Current LAI: 5.0995
LAI reward: 2472.1391, Current LAI: 5.0995
LAI reward: 2472.1391, Current LAI: 5.0995
LAI reward: 2472.1391, Current LAI: 5.0995
LAI reward: 2472.1391, Current LAI: 5.0995
LAI reward: 2472.1391, Current LAI: 5.0995
LAI reward: 2472.1391, Current LAI: 5.0995
LAI reward: 2472.1391, Current LAI: 5.0995
LAI reward: 2472.1391, Current LAI: 5.0995
LAI reward: 2472.1391, Current LAI: 5.0995
LAI reward: 2472.1391, Current LAI: 5.0995
LAI reward: 2472.1391, Current LAI: 5.0995
LAI reward: 2472.1391, Current LAI: 5.0995
LAI reward: 2472.1391, Current LAI: 5.0995
LAI reward: 2472.1391, Current LAI: 5.0995
LAI reward: 0.0547, Current LAI: 0.0547
LAI reward: 0.0000, Current LAI: 0.0547
LAI reward: 0.0000, Current LAI: 0.0547
LAI reward: 0.0000, Current LAI: 0.0547
LAI reward: 0.0000, Current LAI: 0.0547
LAI reward: 0.0000, Current LAI: 0.0547
LAI reward: 0.0000, Current LAI: 0.0547
LAI reward: 0.0000, Current LAI: 0.0547
LAI reward: 0.0000, Current LAI: 0.0547
LAI reward: 0.0000, Current LAI: 0.0547
LAI reward: 0.0000, Current LAI: 0.0547
LAI reward: 0.0000, Current LAI: 0.0547
LAI reward: 0.0000, Current LAI: 0.0547
LAI reward: 0.0000, Current LAI: 0.0547
LAI reward: 0.0000, Current LAI: 0.0547
LAI reward: 0.0000, Current LAI: 0.0547
LAI reward: 0.0000, Current LAI: 0.0547
LAI reward: 0.0000, Current LAI: 0.0547
LAI reward: 0.0000, Current LAI: 0.0547
LAI reward: 0.0000, Current LAI: 0.0547
LAI reward: 0.0000, Current LAI: 0.0547
LAI reward: 0.0000, Current LAI: 0.0547
LAI reward: 0.0000, Current LAI: 0.0547
LAI reward: 0.0000, Current LAI: 0.0547
LAI reward: 0.0000, Current LAI: 0.0547
LAI reward: 0.0000, Current LAI: 0.0547
LAI reward: 0.0000, Current LAI: 0.0547
LAI reward: 0.0000, Current LAI: 0.0547
LAI reward: 0.0000, Current LAI: 0.0547
LAI reward: 0.0000, Current LAI: 0.0547
LAI reward: 0.0000, Current LAI: 0.0547
LAI reward: 0.0000, Current LAI: 0.0547
LAI reward: 0.0000, Current LAI: 0.0547
LAI reward: 0.0000, Current LAI: 0.0547
LAI reward: 0.0000, Current LAI: 0.0547
LAI reward: 0.0000, Current LAI: 0.0547
LAI reward: 0.0000, Current LAI: 0.0547
LAI reward: 0.0000, Current LAI: 0.0547
LAI reward: 0.0000, Current LAI: 0.0547
LAI reward: 0.0000, Current LAI: 0.0547
LAI reward: 0.0000, Current LAI: 0.0547
LAI reward: 0.0000, Current LAI: 0.0547
LAI reward: 0.0000, Current LAI: 0.0547
LAI reward: 0.0000, Current LAI: 0.0547
LAI reward: 0.0000, Current LAI: 0.0547
LAI reward: 0.0000, Current LAI: 0.0547
LAI reward: 0.0000, Current LAI: 0.0547
LAI reward: 0.0000, Current LAI: 0.0547
LAI reward: 0.0000, Current LAI: 0.0547
LAI reward: 0.0000, Current LAI: 0.0547
LAI reward: 0.0000, Current LAI: 0.0547
LAI reward: 0.0000, Current LAI: 0.0547
LAI reward: 0.0000, Current LAI: 0.0547
LAI reward: 0.0000, Current LAI: 0.0547
LAI reward: 0.0000, Current LAI: 0.0547
LAI reward: 0.0000, Current LAI: 0.0547
LAI reward: 0.0000, Current LAI: 0.0547
LAI reward: 0.0000, Current LAI: 0.0547
LAI reward: 0.0000, Current LAI: 0.0547
LAI reward: 0.0000, Current LAI: 0.0547
LAI reward: 0.0000, Current LAI: 0.0547
LAI reward: 0.0000, Current LAI: 0.0547
LAI reward: 0.0000, Current LAI: 0.0547
LAI reward: 0.0000, Current LAI: 0.0547
LAI reward: 0.0000, Current LAI: 0.0547
LAI reward: 0.0000, Current LAI: 0.0547
LAI reward: 0.0000, Current LAI: 0.0547
LAI reward: 0.0000, Current LAI: 0.0547
LAI reward: 0.0000, Current LAI: 0.0547
LAI reward: 0.0000, Current LAI: 0.0547
LAI reward: 0.0000, Current LAI: 0.0547
LAI reward: 0.0000, Current LAI: 0.0547
LAI reward: 0.0000, Current LAI: 0.0547
LAI reward: 0.0000, Current LAI: 0.0547
LAI reward: 0.0000, Current LAI: 0.0547
LAI reward: 0.0000, Current LAI: 0.0547
LAI reward: 0.0000, Current LAI: 0.0547
LAI reward: 0.0000, Current LAI: 0.0547
LAI reward: 0.0000, Current LAI: 0.0547
LAI reward: 0.0000, Current LAI: 0.0547
LAI reward: 0.0000, Current LAI: 0.0547
LAI reward: 0.0000, Current LAI: 0.0547
LAI reward: 0.0000, Current LAI: 0.0547
LAI reward: 0.0000, Current LAI: 0.0547
LAI reward: 0.0000, Current LAI: 0.0547
LAI reward: 0.0000, Current LAI: 0.0547
LAI reward: 0.0000, Current LAI: 0.0547
LAI reward: 0.0000, Current LAI: 0.0547
LAI reward: 0.0000, Current LAI: 0.0547
LAI reward: 0.0000, Current LAI: 0.0547
LAI reward: 0.0000, Current LAI: 0.0547
LAI reward: 0.0000, Current LAI: 0.0547
LAI reward: 0.0000, Current LAI: 0.0547
LAI reward: 0.0000, Current LAI: 0.0547
LAI reward: 0.0000, Current LAI: 0.0547
LAI reward: 0.0000, Current LAI: 0.0547
LAI reward: 0.0000, Current LAI: 0.0547
LAI reward: 0.0000, Current LAI: 0.0547
LAI reward: 0.0000, Current LAI: 0.0547
LAI reward: 0.0000, Current LAI: 0.0547
LAI reward: 0.0000, Current LAI: 0.0547
LAI reward: 0.0000, Current LAI: 0.0547
LAI reward: 0.0000, Current LAI: 0.0547
LAI reward: 0.0000, Current LAI: 0.0547
LAI reward: 0.0000, Current LAI: 0.0547
LAI reward: 0.0000, Current LAI: 0.0547
LAI reward: 0.0000, Current LAI: 0.0547
LAI reward: 0.0000, Current LAI: 0.0547
LAI reward: 0.0000, Current LAI: 0.0547
LAI reward: 0.0000, Current LAI: 0.0547
LAI reward: 0.0000, Current LAI: 0.0547
LAI reward: 0.0000, Current LAI: 0.0547
LAI reward: 0.0000, Current LAI: 0.0547
LAI reward: 0.0000, Current LAI: 0.0547
LAI reward: 0.0000, Current LAI: 0.0547
LAI reward: 0.0000, Current LAI: 0.0547
LAI reward: 0.0000, Current LAI: 0.0547
LAI reward: 0.0138, Current LAI: 0.0685
LAI reward: 0.0031, Current LAI: 0.0716
LAI reward: 0.0036, Current LAI: 0.0752
LAI reward: -0.0003, Current LAI: 0.0748
LAI reward: 0.0095, Current LAI: 0.0843
LAI reward: 0.0101, Current LAI: 0.0944
LAI reward: 0.0256, Current LAI: 0.1200
LAI reward: 0.0226, Current LAI: 0.1426
LAI reward: 0.0032, Current LAI: 0.1458
LAI reward: 0.0015, Current LAI: 0.1473
LAI reward: 0.0072, Current LAI: 0.1544
LAI reward: 0.0397, Current LAI: 0.1941
LAI reward: 0.0372, Current LAI: 0.2313
LAI reward: 0.0398, Current LAI: 0.2711
LAI reward: 0.0676, Current LAI: 0.3387
LAI reward: 0.0890, Current LAI: 0.4277
LAI reward: 0.1061, Current LAI: 0.5338
LAI reward: 0.1256, Current LAI: 0.6594
LAI reward: 0.1424, Current LAI: 0.8017
LAI reward: 0.1703, Current LAI: 0.9721
LAI reward: 0.1991, Current LAI: 1.1712
LAI reward: 0.2189, Current LAI: 1.3901
LAI reward: 0.1956, Current LAI: 1.5857
LAI reward: 0.1649, Current LAI: 1.7506
LAI reward: 0.2989, Current LAI: 2.0496
LAI reward: 0.2480, Current LAI: 2.2976
LAI reward: 0.2003, Current LAI: 2.4978
LAI reward: 0.1511, Current LAI: 2.6489
LAI reward: 0.1143, Current LAI: 2.7633
LAI reward: 0.1494, Current LAI: 2.9127
LAI reward: 0.2160, Current LAI: 3.1287
LAI reward: 0.1998, Current LAI: 3.3285
LAI reward: 0.1310, Current LAI: 3.4595
LAI reward: 0.0977, Current LAI: 3.5573
LAI reward: 0.0162, Current LAI: 3.5735
LAI reward: 0.1009, Current LAI: 3.6744
LAI reward: 0.0624, Current LAI: 3.7368
LAI reward: 0.0660, Current LAI: 3.8027
LAI reward: 0.0600, Current LAI: 3.8627
LAI reward: 0.0452, Current LAI: 3.9079
LAI reward: 18.7974, Current LAI: 3.8526
LAI reward: 41.1465, Current LAI: 3.7968
LAI reward: 64.8833, Current LAI: 3.7509
LAI reward: 88.4095, Current LAI: 3.6917
LAI reward: 105.5840, Current LAI: 3.6260
LAI reward: 113.1331, Current LAI: 3.5447
LAI reward: 139.3042, Current LAI: 3.5042
LAI reward: 165.6493, Current LAI: 3.4596
LAI reward: 193.9980, Current LAI: 3.4194
LAI reward: 222.3663, Current LAI: 3.3655
LAI reward: 250.3750, Current LAI: 3.3042
LAI reward: 277.8559, Current LAI: 3.2354
LAI reward: 305.0710, Current LAI: 3.1672
LAI reward: 330.2319, Current LAI: 3.0931
LAI reward: 353.3085, Current LAI: 3.0152
LAI reward: 375.0966, Current LAI: 2.9478
LAI reward: 392.8277, Current LAI: 2.8782
LAI reward: 410.0059, Current LAI: 2.8183
LAI reward: 423.1100, Current LAI: 2.7554
LAI reward: 435.0048, Current LAI: 2.6922
LAI reward: 452.5182, Current LAI: 2.6454
LAI reward: 462.2539, Current LAI: 2.6174
LAI reward: 485.8137, Current LAI: 2.5970
LAI reward: 504.2735, Current LAI: 2.5697
LAI reward: 522.9045, Current LAI: 2.5447
LAI reward: 548.9339, Current LAI: 2.5393
LAI reward: 580.1540, Current LAI: 2.5451
LAI reward: 614.7513, Current LAI: 2.5502
LAI reward: 651.8870, Current LAI: 2.5525
LAI reward: 692.2586, Current LAI: 2.5619
LAI reward: 727.4586, Current LAI: 2.5742
LAI reward: 755.9739, Current LAI: 2.5819
LAI reward: 795.5912, Current LAI: 2.6017
LAI reward: 836.5193, Current LAI: 2.6214
LAI reward: 885.0957, Current LAI: 2.6525
LAI reward: 936.8348, Current LAI: 2.6912
LAI reward: 997.9656, Current LAI: 2.7511
LAI reward: 1062.4299, Current LAI: 2.8199
LAI reward: 1127.3216, Current LAI: 2.8944
LAI reward: 1205.7783, Current LAI: 2.9929
LAI reward: 1290.6254, Current LAI: 3.0998
LAI reward: 1371.5036, Current LAI: 3.2142
LAI reward: 1441.1083, Current LAI: 3.3250
LAI reward: 1490.6399, Current LAI: 3.4188
LAI reward: 1499.6040, Current LAI: 3.4610
LAI reward: 1499.5911, Current LAI: 3.4903
LAI reward: 1529.6982, Current LAI: 3.5656
LAI reward: 1571.3727, Current LAI: 3.6589
LAI reward: 1612.3005, Current LAI: 3.7542
LAI reward: 1644.4056, Current LAI: 3.8386
LAI reward: 1711.5112, Current LAI: 3.9786
LAI reward: 1782.4444, Current LAI: 4.1133
LAI reward: 1859.5779, Current LAI: 4.2540
LAI reward: 1929.0059, Current LAI: 4.3908
LAI reward: 1989.8446, Current LAI: 4.5248
LAI reward: 2040.1795, Current LAI: 4.6449
LAI reward: 2084.1804, Current LAI: 4.7627
LAI reward: 2118.6581, Current LAI: 4.8671
LAI reward: 2145.8281, Current LAI: 4.9626
LAI reward: 2160.4742, Current LAI: 4.9798
LAI reward: 2162.1834, Current LAI: 4.9477
LAI reward: 2155.7982, Current LAI: 4.9003
LAI reward: 2149.1858, Current LAI: 4.8532
LAI reward: 2149.8457, Current LAI: 4.8219
LAI reward: 2155.9295, Current LAI: 4.8030
LAI reward: 2154.7646, Current LAI: 4.7709
LAI reward: 2142.7423, Current LAI: 4.7177
LAI reward: 2133.3379, Current LAI: 4.6716
LAI reward: 2132.6823, Current LAI: 4.6448
LAI reward: 2132.0335, Current LAI: 4.6201
LAI reward: 2117.0526, Current LAI: 4.5679
LAI reward: 2084.3815, Current LAI: 4.4815
LAI reward: 2050.7287, Current LAI: 4.3945
LAI reward: 2016.3218, Current LAI: 4.3070
LAI reward: 1981.2418, Current LAI: 4.2193
LAI reward: 1951.8973, Current LAI: 4.1441
LAI reward: 1928.2949, Current LAI: 4.0816
LAI reward: 1911.4077, Current LAI: 4.0341
LAI reward: 1889.2347, Current LAI: 3.9768
LAI reward: 1865.6197, Current LAI: 3.9175
LAI reward: 1837.5868, Current LAI: 3.8499
LAI reward: 1803.5541, Current LAI: 3.7710
LAI reward: 1784.2261, Current LAI: 3.7221
LAI reward: 1766.8183, Current LAI: 3.6778
LAI reward: 1746.0521, Current LAI: 3.6275
LAI reward: 1711.4896, Current LAI: 3.5501
LAI reward: 1670.3729, Current LAI: 3.4602
LAI reward: 1638.0468, Current LAI: 3.3885
LAI reward: 1595.0615, Current LAI: 3.2961
LAI reward: 1573.9906, Current LAI: 3.2482
LAI reward: 1505.2078, Current LAI: 3.1055
LAI reward: 1365.3826, Current LAI: 2.8212
LAI reward: 1168.7292, Current LAI: 2.4237
LAI reward: 972.0903, Current LAI: 2.0267
LAI reward: 786.0071, Current LAI: 1.6516
LAI reward: 611.3955, Current LAI: 1.3002
LAI reward: 462.1036, Current LAI: 1.0003
LAI reward: 462.4035, Current LAI: 1.0003
LAI reward: 462.4035, Current LAI: 1.0003
LAI reward: 462.4035, Current LAI: 1.0003
LAI reward: 462.4035, Current LAI: 1.0003
LAI reward: 462.4035, Current LAI: 1.0003
LAI reward: 462.4035, Current LAI: 1.0003
LAI reward: 462.4035, Current LAI: 1.0003
LAI reward: 462.4035, Current LAI: 1.0003
LAI reward: 462.4035, Current LAI: 1.0003
LAI reward: 462.4035, Current LAI: 1.0003
LAI reward: 462.4035, Current LAI: 1.0003
LAI reward: 462.4035, Current LAI: 1.0003
LAI reward: 462.4035, Current LAI: 1.0003
LAI reward: 462.4035, Current LAI: 1.0003
LAI reward: 462.4035, Current LAI: 1.0003
LAI reward: 462.4035, Current LAI: 1.0003
LAI reward: 462.4035, Current LAI: 1.0003
LAI reward: 462.4035, Current LAI: 1.0003
LAI reward: 462.4035, Current LAI: 1.0003
LAI reward: 462.4035, Current LAI: 1.0003
LAI reward: 462.4035, Current LAI: 1.0003
LAI reward: 462.4035, Current LAI: 1.0003
LAI reward: 462.4035, Current LAI: 1.0003
LAI reward: 462.4035, Current LAI: 1.0003
LAI reward: 462.4035, Current LAI: 1.0003
LAI reward: 462.4035, Current LAI: 1.0003
LAI reward: 462.4035, Current LAI: 1.0003
LAI reward: 462.4035, Current LAI: 1.0003
LAI reward: 462.4035, Current LAI: 1.0003
LAI reward: 462.4035, Current LAI: 1.0003
LAI reward: 462.4035, Current LAI: 1.0003
LAI reward: 462.4035, Current LAI: 1.0003
LAI reward: 462.4035, Current LAI: 1.0003
LAI reward: 462.4035, Current LAI: 1.0003
LAI reward: 462.4035, Current LAI: 1.0003
LAI reward: 462.4035, Current LAI: 1.0003
LAI reward: 462.4035, Current LAI: 1.0003
LAI reward: 462.4035, Current LAI: 1.0003
LAI reward: 462.4035, Current LAI: 1.0003
LAI reward: 462.4035, Current LAI: 1.0003
LAI reward: 462.4035, Current LAI: 1.0003
LAI reward: 462.4035, Current LAI: 1.0003
LAI reward: 462.4035, Current LAI: 1.0003
LAI reward: 462.4035, Current LAI: 1.0003
LAI reward: 462.4035, Current LAI: 1.0003
LAI reward: 462.4035, Current LAI: 1.0003
LAI reward: 462.4035, Current LAI: 1.0003
LAI reward: 462.4035, Current LAI: 1.0003
LAI reward: 462.4035, Current LAI: 1.0003
LAI reward: 462.4035, Current LAI: 1.0003
LAI reward: 462.4035, Current LAI: 1.0003
LAI reward: 462.4035, Current LAI: 1.0003
LAI reward: 462.4035, Current LAI: 1.0003
LAI reward: 462.4035, Current LAI: 1.0003
LAI reward: 462.4035, Current LAI: 1.0003
LAI reward: 462.4035, Current LAI: 1.0003
LAI reward: 462.4035, Current LAI: 1.0003
LAI reward: 462.4035, Current LAI: 1.0003
LAI reward: 462.4035, Current LAI: 1.0003
LAI reward: 462.4035, Current LAI: 1.0003
LAI reward: 462.4035, Current LAI: 1.0003
LAI reward: 462.4035, Current LAI: 1.0003
LAI reward: 462.4035, Current LAI: 1.0003
LAI reward: 462.4035, Current LAI: 1.0003
LAI reward: 462.4035, Current LAI: 1.0003
LAI reward: 462.4035, Current LAI: 1.0003
LAI reward: 462.4035, Current LAI: 1.0003
LAI reward: 462.4035, Current LAI: 1.0003
LAI reward: 462.4035, Current LAI: 1.0003
LAI reward: 462.4035, Current LAI: 1.0003
LAI reward: 462.4035, Current LAI: 1.0003
LAI reward: 462.4035, Current LAI: 1.0003
LAI reward: 462.4035, Current LAI: 1.0003
LAI reward: 462.4035, Current LAI: 1.0003
LAI reward: 462.4035, Current LAI: 1.0003
LAI reward: 462.4035, Current LAI: 1.0003
LAI reward: 462.4035, Current LAI: 1.0003
LAI reward: 462.4035, Current LAI: 1.0003
LAI reward: 462.4035, Current LAI: 1.0003
LAI reward: 0.0547, Current LAI: 0.0547
LAI reward: 0.0000, Current LAI: 0.0547
LAI reward: 0.0000, Current LAI: 0.0547
LAI reward: 0.0000, Current LAI: 0.0547
LAI reward: 0.0000, Current LAI: 0.0547
LAI reward: 0.0000, Current LAI: 0.0547
LAI reward: 0.0000, Current LAI: 0.0547
LAI reward: 0.0000, Current LAI: 0.0547
LAI reward: 0.0000, Current LAI: 0.0547
LAI reward: 0.0000, Current LAI: 0.0547
LAI reward: 0.0000, Current LAI: 0.0547
LAI reward: 0.0000, Current LAI: 0.0547
LAI reward: 0.0000, Current LAI: 0.0547
LAI reward: 0.0000, Current LAI: 0.0547
LAI reward: 0.0000, Current LAI: 0.0547
LAI reward: 0.0000, Current LAI: 0.0547
LAI reward: 0.0000, Current LAI: 0.0547
LAI reward: 0.0000, Current LAI: 0.0547
LAI reward: 0.0000, Current LAI: 0.0547
LAI reward: 0.0000, Current LAI: 0.0547
LAI reward: 0.0000, Current LAI: 0.0547
LAI reward: 0.0000, Current LAI: 0.0547
LAI reward: 0.0000, Current LAI: 0.0547
LAI reward: 0.0000, Current LAI: 0.0547
LAI reward: 0.0000, Current LAI: 0.0547
LAI reward: 0.0000, Current LAI: 0.0547
LAI reward: 0.0000, Current LAI: 0.0547
LAI reward: 0.0000, Current LAI: 0.0547
LAI reward: 0.0000, Current LAI: 0.0547
LAI reward: 0.0000, Current LAI: 0.0547
LAI reward: 0.0000, Current LAI: 0.0547
LAI reward: 0.0000, Current LAI: 0.0547
LAI reward: 0.0000, Current LAI: 0.0547
LAI reward: 0.0000, Current LAI: 0.0547
LAI reward: 0.0000, Current LAI: 0.0547
LAI reward: 0.0000, Current LAI: 0.0547
LAI reward: 0.0000, Current LAI: 0.0547
LAI reward: 0.0000, Current LAI: 0.0547
LAI reward: 0.0000, Current LAI: 0.0547
LAI reward: 0.0000, Current LAI: 0.0547
LAI reward: 0.0000, Current LAI: 0.0547
LAI reward: 0.0000, Current LAI: 0.0547
LAI reward: 0.0000, Current LAI: 0.0547
LAI reward: 0.0000, Current LAI: 0.0547
LAI reward: 0.0000, Current LAI: 0.0547
LAI reward: 0.0000, Current LAI: 0.0547
LAI reward: 0.0000, Current LAI: 0.0547
LAI reward: 0.0000, Current LAI: 0.0547
LAI reward: 0.0000, Current LAI: 0.0547
LAI reward: 0.0000, Current LAI: 0.0547
LAI reward: 0.0000, Current LAI: 0.0547
LAI reward: 0.0000, Current LAI: 0.0547
LAI reward: 0.0000, Current LAI: 0.0547
LAI reward: 0.0000, Current LAI: 0.0547
LAI reward: 0.0000, Current LAI: 0.0547
LAI reward: 0.0000, Current LAI: 0.0547
LAI reward: 0.0000, Current LAI: 0.0547
LAI reward: 0.0000, Current LAI: 0.0547
LAI reward: 0.0000, Current LAI: 0.0547
LAI reward: 0.0000, Current LAI: 0.0547
LAI reward: 0.0000, Current LAI: 0.0547
LAI reward: 0.0000, Current LAI: 0.0547
LAI reward: 0.0000, Current LAI: 0.0547
LAI reward: 0.0000, Current LAI: 0.0547
LAI reward: 0.0000, Current LAI: 0.0547
LAI reward: 0.0000, Current LAI: 0.0547
LAI reward: 0.0000, Current LAI: 0.0547
LAI reward: 0.0000, Current LAI: 0.0547
LAI reward: 0.0000, Current LAI: 0.0547
LAI reward: 0.0000, Current LAI: 0.0547
LAI reward: 0.0000, Current LAI: 0.0547
LAI reward: 0.0000, Current LAI: 0.0547
LAI reward: 0.0000, Current LAI: 0.0547
LAI reward: 0.0000, Current LAI: 0.0547
LAI reward: 0.0000, Current LAI: 0.0547
LAI reward: 0.0000, Current LAI: 0.0547
LAI reward: 0.0000, Current LAI: 0.0547
LAI reward: 0.0000, Current LAI: 0.0547
LAI reward: 0.0000, Current LAI: 0.0547
LAI reward: 0.0000, Current LAI: 0.0547
LAI reward: 0.0000, Current LAI: 0.0547
LAI reward: 0.0000, Current LAI: 0.0547
LAI reward: 0.0000, Current LAI: 0.0547
LAI reward: 0.0000, Current LAI: 0.0547
LAI reward: 0.0000, Current LAI: 0.0547
LAI reward: 0.0000, Current LAI: 0.0547
LAI reward: 0.0000, Current LAI: 0.0547
LAI reward: 0.0000, Current LAI: 0.0547
LAI reward: 0.0000, Current LAI: 0.0547
LAI reward: 0.0000, Current LAI: 0.0547
LAI reward: 0.0000, Current LAI: 0.0547
LAI reward: 0.0000, Current LAI: 0.0547
LAI reward: 0.0000, Current LAI: 0.0547
LAI reward: 0.0000, Current LAI: 0.0547
LAI reward: 0.0000, Current LAI: 0.0547
LAI reward: 0.0000, Current LAI: 0.0547
LAI reward: 0.0000, Current LAI: 0.0547
LAI reward: 0.0000, Current LAI: 0.0547
LAI reward: 0.0000, Current LAI: 0.0547
LAI reward: 0.0000, Current LAI: 0.0547
LAI reward: 0.0000, Current LAI: 0.0547
LAI reward: 0.0000, Current LAI: 0.0547
LAI reward: 0.0000, Current LAI: 0.0547
LAI reward: 0.0000, Current LAI: 0.0547
LAI reward: 0.0000, Current LAI: 0.0547
LAI reward: 0.0000, Current LAI: 0.0547
LAI reward: -0.0006, Current LAI: 0.0541
LAI reward: 0.0000, Current LAI: 0.0541
LAI reward: 0.0092, Current LAI: 0.0634
LAI reward: 0.0117, Current LAI: 0.0750
LAI reward: 0.0101, Current LAI: 0.0851
LAI reward: 0.0046, Current LAI: 0.0897
LAI reward: 0.0000, Current LAI: 0.0897
LAI reward: 0.0000, Current LAI: 0.0897
LAI reward: -0.0003, Current LAI: 0.0894
LAI reward: 0.0009, Current LAI: 0.0903
LAI reward: 0.0152, Current LAI: 0.1055
LAI reward: 0.0092, Current LAI: 0.1147
LAI reward: 0.0158, Current LAI: 0.1304
LAI reward: 0.0210, Current LAI: 0.1514
LAI reward: 0.0398, Current LAI: 0.1912
LAI reward: 0.0188, Current LAI: 0.2100
LAI reward: 0.0000, Current LAI: 0.2100
LAI reward: 0.0000, Current LAI: 0.2100
LAI reward: 0.0000, Current LAI: 0.2100
LAI reward: 0.0049, Current LAI: 0.2149
LAI reward: 0.0296, Current LAI: 0.2444
LAI reward: 0.0463, Current LAI: 0.2907
LAI reward: 0.0468, Current LAI: 0.3375
LAI reward: 0.0354, Current LAI: 0.3729
LAI reward: 0.0693, Current LAI: 0.4422
LAI reward: 0.1108, Current LAI: 0.5530
LAI reward: 0.1256, Current LAI: 0.6786
LAI reward: 0.0278, Current LAI: 0.7064
LAI reward: 0.0000, Current LAI: 0.7064
LAI reward: 0.0000, Current LAI: 0.7064
LAI reward: 0.0086, Current LAI: 0.7150
LAI reward: 0.1329, Current LAI: 0.8479
LAI reward: 0.1327, Current LAI: 0.9805
LAI reward: 0.1934, Current LAI: 1.1739
LAI reward: 0.2243, Current LAI: 1.3982
LAI reward: 0.2777, Current LAI: 1.6760
LAI reward: 0.2741, Current LAI: 1.9501
LAI reward: 0.1720, Current LAI: 2.1221
LAI reward: 0.2368, Current LAI: 2.3589
LAI reward: 0.2361, Current LAI: 2.5949
LAI reward: 0.1817, Current LAI: 2.7767
LAI reward: 0.1763, Current LAI: 2.9529
LAI reward: 0.0427, Current LAI: 2.9956
LAI reward: 0.1404, Current LAI: 3.1360
LAI reward: 0.1255, Current LAI: 3.2615
LAI reward: 0.0921, Current LAI: 3.3536
LAI reward: 0.0557, Current LAI: 3.4094
LAI reward: 0.0953, Current LAI: 3.5047
LAI reward: 0.1099, Current LAI: 3.6146
LAI reward: 0.0179, Current LAI: 3.6325
LAI reward: -0.0011, Current LAI: 3.6314
LAI reward: 15.7633, Current LAI: 3.5345
LAI reward: 33.0085, Current LAI: 3.4373
LAI reward: 49.9392, Current LAI: 3.3493
LAI reward: 66.8361, Current LAI: 3.2689
LAI reward: 82.4677, Current LAI: 3.1824
LAI reward: 99.3248, Current LAI: 3.1034
LAI reward: 115.5721, Current LAI: 3.0213
LAI reward: 130.4222, Current LAI: 2.9416
LAI reward: 149.2960, Current LAI: 2.8848
LAI reward: 164.3612, Current LAI: 2.8226
LAI reward: 179.9320, Current LAI: 2.7625
LAI reward: 200.1180, Current LAI: 2.7178
LAI reward: 218.3309, Current LAI: 2.6742
LAI reward: 235.6063, Current LAI: 2.6286
LAI reward: 254.6030, Current LAI: 2.5845
LAI reward: 281.7035, Current LAI: 2.5736
LAI reward: 309.0979, Current LAI: 2.5690
LAI reward: 332.7262, Current LAI: 2.5550
LAI reward: 354.0944, Current LAI: 2.5381
LAI reward: 376.9784, Current LAI: 2.5237
LAI reward: 402.5855, Current LAI: 2.5180
LAI reward: 425.9416, Current LAI: 2.5094
LAI reward: 454.8138, Current LAI: 2.5008
LAI reward: 485.7138, Current LAI: 2.4918
LAI reward: 516.0445, Current LAI: 2.4830
LAI reward: 542.2745, Current LAI: 2.4699
LAI reward: 572.6100, Current LAI: 2.4685
LAI reward: 603.2807, Current LAI: 2.4698
LAI reward: 632.5251, Current LAI: 2.4707
LAI reward: 658.7899, Current LAI: 2.4687
LAI reward: 689.5266, Current LAI: 2.4695
LAI reward: 717.0792, Current LAI: 2.4726
LAI reward: 737.6620, Current LAI: 2.4729
LAI reward: 758.8268, Current LAI: 2.4771
LAI reward: 788.5878, Current LAI: 2.4947
LAI reward: 827.1505, Current LAI: 2.5218
LAI reward: 867.5623, Current LAI: 2.5546
LAI reward: 902.7558, Current LAI: 2.5895
LAI reward: 944.3486, Current LAI: 2.6337
LAI reward: 989.0295, Current LAI: 2.6856
LAI reward: 1017.3410, Current LAI: 2.7263
LAI reward: 1040.3409, Current LAI: 2.7647
LAI reward: 1066.7263, Current LAI: 2.8111
LAI reward: 1098.4846, Current LAI: 2.8712
LAI reward: 1113.9816, Current LAI: 2.9125
LAI reward: 1130.0357, Current LAI: 2.9577
LAI reward: 1159.5011, Current LAI: 3.0244
LAI reward: 1194.9248, Current LAI: 3.1051
LAI reward: 1234.0915, Current LAI: 3.1941
LAI reward: 1260.7093, Current LAI: 3.2672
LAI reward: 1268.4774, Current LAI: 3.3157
LAI reward: 1268.4646, Current LAI: 3.3515
LAI reward: 1268.4655, Current LAI: 3.3882
LAI reward: 1291.1617, Current LAI: 3.4700
LAI reward: 1338.4609, Current LAI: 3.6019
LAI reward: 1377.3390, Current LAI: 3.7184
LAI reward: 1435.5916, Current LAI: 3.8200
LAI reward: 1489.5629, Current LAI: 3.9122
LAI reward: 1549.7499, Current LAI: 4.0176
LAI reward: 1601.5857, Current LAI: 4.1055
LAI reward: 1686.8042, Current LAI: 4.2632
LAI reward: 1752.7727, Current LAI: 4.3820
LAI reward: 1807.3106, Current LAI: 4.4773
LAI reward: 1855.7675, Current LAI: 4.5600
LAI reward: 1907.1616, Current LAI: 4.6486
LAI reward: 1958.1853, Current LAI: 4.7366
LAI reward: 2000.2917, Current LAI: 4.8070
LAI reward: 2033.5527, Current LAI: 4.8598
LAI reward: 2054.6866, Current LAI: 4.8877
LAI reward: 2081.1301, Current LAI: 4.9264
LAI reward: 2103.1901, Current LAI: 4.9570
LAI reward: 2105.9982, Current LAI: 4.9486
LAI reward: 2124.5202, Current LAI: 4.9726
LAI reward: 2148.5251, Current LAI: 5.0081
LAI reward: 2155.1105, Current LAI: 5.0084
LAI reward: 2133.0268, Current LAI: 4.9524
LAI reward: 2143.6772, Current LAI: 4.9612
LAI reward: 2136.8947, Current LAI: 4.9352
LAI reward: 2114.8095, Current LAI: 4.8786
LAI reward: 2091.0295, Current LAI: 4.8186
LAI reward: 2064.4130, Current LAI: 4.7532
LAI reward: 2030.8980, Current LAI: 4.6742
LAI reward: 1981.5018, Current LAI: 4.5632
LAI reward: 1927.5596, Current LAI: 4.4435
LAI reward: 1830.5078, Current LAI: 4.2375
LAI reward: 1647.6841, Current LAI: 3.8602
LAI reward: 1413.6243, Current LAI: 3.3809
LAI reward: 1138.1939, Current LAI: 2.8188
LAI reward: 851.8538, Current LAI: 2.2346
LAI reward: 590.4984, Current LAI: 1.7002
LAI reward: 393.8998, Current LAI: 1.2967
LAI reward: 252.6797, Current LAI: 1.0047
LAI reward: 155.8646, Current LAI: 0.8021
LAI reward: 103.8936, Current LAI: 0.6911
LAI reward: 76.5261, Current LAI: 0.6276
LAI reward: 55.8997, Current LAI: 0.5773
LAI reward: 46.5707, Current LAI: 0.5498
LAI reward: 46.5982, Current LAI: 0.5498
LAI reward: 46.5982, Current LAI: 0.5498
LAI reward: 46.5982, Current LAI: 0.5498
LAI reward: 46.5982, Current LAI: 0.5498
LAI reward: 46.5982, Current LAI: 0.5498
LAI reward: 46.5982, Current LAI: 0.5498
LAI reward: 46.5982, Current LAI: 0.5498
LAI reward: 46.5982, Current LAI: 0.5498
LAI reward: 46.5982, Current LAI: 0.5498
LAI reward: 46.5982, Current LAI: 0.5498
LAI reward: 46.5982, Current LAI: 0.5498
LAI reward: 46.5982, Current LAI: 0.5498
LAI reward: 46.5982, Current LAI: 0.5498
LAI reward: 46.5982, Current LAI: 0.5498
LAI reward: 46.5982, Current LAI: 0.5498
LAI reward: 46.5982, Current LAI: 0.5498
LAI reward: 46.5982, Current LAI: 0.5498
LAI reward: 46.5982, Current LAI: 0.5498
LAI reward: 46.5982, Current LAI: 0.5498
LAI reward: 46.5982, Current LAI: 0.5498
LAI reward: 46.5982, Current LAI: 0.5498
LAI reward: 46.5982, Current LAI: 0.5498
LAI reward: 46.5982, Current LAI: 0.5498
LAI reward: 46.5982, Current LAI: 0.5498
LAI reward: 46.5982, Current LAI: 0.5498
LAI reward: 46.5982, Current LAI: 0.5498
LAI reward: 46.5982, Current LAI: 0.5498
LAI reward: 46.5982, Current LAI: 0.5498
LAI reward: 46.5982, Current LAI: 0.5498
LAI reward: 46.5982, Current LAI: 0.5498
LAI reward: 46.5982, Current LAI: 0.5498
LAI reward: 46.5982, Current LAI: 0.5498
LAI reward: 46.5982, Current LAI: 0.5498
LAI reward: 46.5982, Current LAI: 0.5498
LAI reward: 46.5982, Current LAI: 0.5498
LAI reward: 46.5982, Current LAI: 0.5498
LAI reward: 46.5982, Current LAI: 0.5498
LAI reward: 46.5982, Current LAI: 0.5498
LAI reward: 46.5982, Current LAI: 0.5498
LAI reward: 46.5982, Current LAI: 0.5498
LAI reward: 46.5982, Current LAI: 0.5498
LAI reward: 46.5982, Current LAI: 0.5498
LAI reward: 46.5982, Current LAI: 0.5498
LAI reward: 46.5982, Current LAI: 0.5498
LAI reward: 46.5982, Current LAI: 0.5498
LAI reward: 46.5982, Current LAI: 0.5498
LAI reward: 46.5982, Current LAI: 0.5498
LAI reward: 46.5982, Current LAI: 0.5498
LAI reward: 46.5982, Current LAI: 0.5498
LAI reward: 46.5982, Current LAI: 0.5498
LAI reward: 46.5982, Current LAI: 0.5498
LAI reward: 46.5982, Current LAI: 0.5498
LAI reward: 46.5982, Current LAI: 0.5498
LAI reward: 46.5982, Current LAI: 0.5498
LAI reward: 46.5982, Current LAI: 0.5498
LAI reward: 46.5982, Current LAI: 0.5498
LAI reward: 46.5982, Current LAI: 0.5498
LAI reward: 46.5982, Current LAI: 0.5498
LAI reward: 46.5982, Current LAI: 0.5498
LAI reward: 46.5982, Current LAI: 0.5498
LAI reward: 46.5982, Current LAI: 0.5498
LAI reward: 46.5982, Current LAI: 0.5498
LAI reward: 46.5982, Current LAI: 0.5498
LAI reward: 46.5982, Current LAI: 0.5498
LAI reward: 46.5982, Current LAI: 0.5498
LAI reward: 46.5982, Current LAI: 0.5498
LAI reward: 46.5982, Current LAI: 0.5498
LAI reward: 46.5982, Current LAI: 0.5498
LAI reward: 46.5982, Current LAI: 0.5498
LAI reward: 46.5982, Current LAI: 0.5498
LAI reward: 46.5982, Current LAI: 0.5498
LAI reward: 46.5982, Current LAI: 0.5498
LAI reward: 46.5982, Current LAI: 0.5498
LAI reward: 46.5982, Current LAI: 0.5498
LAI reward: 46.5982, Current LAI: 0.5498
LAI reward: 46.5982, Current LAI: 0.5498
LAI reward: 46.5982, Current LAI: 0.5498
LAI reward: 46.5982, Current LAI: 0.5498
LAI reward: 46.5982, Current LAI: 0.5498
LAI reward: 435.8300, Current LAI: 2.7244
LAI reward: 465.6503, Current LAI: 2.7026
LAI reward: 496.1748, Current LAI: 2.6748
LAI reward: 520.9895, Current LAI: 2.6402
LAI reward: 554.2911, Current LAI: 2.6078
LAI reward: 590.5528, Current LAI: 2.5808
LAI reward: 621.7009, Current LAI: 2.5588
LAI reward: 654.2233, Current LAI: 2.5355
LAI reward: 684.6965, Current LAI: 2.5144
LAI reward: 711.7209, Current LAI: 2.4921
LAI reward: 739.0987, Current LAI: 2.4724
LAI reward: 766.1872, Current LAI: 2.4549
LAI reward: 788.2343, Current LAI: 2.4379
LAI reward: 808.2692, Current LAI: 2.4216
LAI reward: 835.1010, Current LAI: 2.4155
LAI reward: 848.8784, Current LAI: 2.3963
LAI reward: 880.1949, Current LAI: 2.3951
LAI reward: 919.5968, Current LAI: 2.4026
LAI reward: 975.5698, Current LAI: 2.4301
LAI reward: 1033.0645, Current LAI: 2.4643
LAI reward: 1091.6895, Current LAI: 2.5080
LAI reward: 1154.6663, Current LAI: 2.5595
LAI reward: 1223.4161, Current LAI: 2.6251
LAI reward: 1303.4373, Current LAI: 2.7128
LAI reward: 1379.2445, Current LAI: 2.8098
LAI reward: 1467.5147, Current LAI: 2.9394
LAI reward: 1551.8904, Current LAI: 3.0730
LAI reward: 1627.9256, Current LAI: 3.2043
LAI reward: 1717.4866, Current LAI: 3.3468
LAI reward: 1837.2339, Current LAI: 3.5110
LAI reward: 1880.0138, Current LAI: 3.5712
LAI reward: 2007.2906, Current LAI: 3.7584
LAI reward: 2127.4299, Current LAI: 3.9563
LAI reward: 2242.3692, Current LAI: 4.1638
LAI reward: 2340.1468, Current LAI: 4.3659
LAI reward: 2450.4722, Current LAI: 4.5941
LAI reward: 2581.0295, Current LAI: 4.8550
LAI reward: 2685.5098, Current LAI: 5.0962
LAI reward: 2785.0049, Current LAI: 5.3382
LAI reward: 2870.4658, Current LAI: 5.5645
LAI reward: 2955.1897, Current LAI: 5.7824
LAI reward: 3031.0120, Current LAI: 5.9928
LAI reward: 3099.6974, Current LAI: 6.2023
LAI reward: 3161.8206, Current LAI: 6.3844
LAI reward: 3222.6232, Current LAI: 6.5426
LAI reward: 3267.8682, Current LAI: 6.6906
LAI reward: 3301.5473, Current LAI: 6.8216
LAI reward: 3316.1752, Current LAI: 6.9467
LAI reward: 3320.1284, Current LAI: 6.9749
LAI reward: 3328.8345, Current LAI: 6.9705
LAI reward: 3295.1033, Current LAI: 6.8826
LAI reward: 3259.3552, Current LAI: 6.7919
LAI reward: 3222.0921, Current LAI: 6.6995
LAI reward: 3183.1670, Current LAI: 6.6048
LAI reward: 3142.6417, Current LAI: 6.5083
LAI reward: 3101.1233, Current LAI: 6.4110
LAI reward: 3058.7312, Current LAI: 6.3129
LAI reward: 3015.3162, Current LAI: 6.2138
LAI reward: 2971.4199, Current LAI: 6.1145
LAI reward: 2927.2602, Current LAI: 6.0153
LAI reward: 2882.7672, Current LAI: 5.9163
LAI reward: 2837.9661, Current LAI: 5.8174
LAI reward: 2792.8395, Current LAI: 5.7186
LAI reward: 2747.2220, Current LAI: 5.6193
LAI reward: 2700.9439, Current LAI: 5.5193
LAI reward: 2654.2526, Current LAI: 5.4190
LAI reward: 2607.3175, Current LAI: 5.3186
LAI reward: 2559.9398, Current LAI: 5.2179
LAI reward: 2511.9519, Current LAI: 5.1163
LAI reward: 2463.4736, Current LAI: 5.0141
LAI reward: 2414.6321, Current LAI: 4.9116
LAI reward: 2360.6946, Current LAI: 4.7992
LAI reward: 2299.9721, Current LAI: 4.6735
LAI reward: 2232.8883, Current LAI: 4.5355
LAI reward: 2160.5487, Current LAI: 4.3870
LAI reward: 2082.9546, Current LAI: 4.2282
LAI reward: 2000.4861, Current LAI: 4.0596
LAI reward: 1913.4470, Current LAI: 3.8821
LAI reward: 1825.2558, Current LAI: 3.7026
LAI reward: 1737.3330, Current LAI: 3.5238
LAI reward: 1631.2460, Current LAI: 3.3089
LAI reward: 1454.3094, Current LAI: 2.9527
LAI reward: 1221.6243, Current LAI: 2.4851
LAI reward: 965.0251, Current LAI: 1.9696
LAI reward: 715.8897, Current LAI: 1.4691
LAI reward: 501.5960, Current LAI: 1.0383
LAI reward: 335.3142, Current LAI: 0.7036
LAI reward: 217.3252, Current LAI: 0.4657
LAI reward: 217.5632, Current LAI: 0.4657
LAI reward: 217.5632, Current LAI: 0.4657
LAI reward: 217.5632, Current LAI: 0.4657
LAI reward: 217.5632, Current LAI: 0.4657
LAI reward: 217.5632, Current LAI: 0.4657
LAI reward: 217.5632, Current LAI: 0.4657
LAI reward: 217.5632, Current LAI: 0.4657
LAI reward: 217.5632, Current LAI: 0.4657
LAI reward: 217.5632, Current LAI: 0.4657
LAI reward: 217.5632, Current LAI: 0.4657
LAI reward: 217.5632, Current LAI: 0.4657
LAI reward: 217.5632, Current LAI: 0.4657
LAI reward: 217.5632, Current LAI: 0.4657
LAI reward: 217.5632, Current LAI: 0.4657
LAI reward: 217.5632, Current LAI: 0.4657
LAI reward: 217.5632, Current LAI: 0.4657
LAI reward: 217.5632, Current LAI: 0.4657
LAI reward: 217.5632, Current LAI: 0.4657
LAI reward: 217.5632, Current LAI: 0.4657
LAI reward: 217.5632, Current LAI: 0.4657
LAI reward: 217.5632, Current LAI: 0.4657
LAI reward: 217.5632, Current LAI: 0.4657
LAI reward: 217.5632, Current LAI: 0.4657
LAI reward: 217.5632, Current LAI: 0.4657
LAI reward: 217.5632, Current LAI: 0.4657
LAI reward: 217.5632, Current LAI: 0.4657
LAI reward: 217.5632, Current LAI: 0.4657
LAI reward: 217.5632, Current LAI: 0.4657
LAI reward: 217.5632, Current LAI: 0.4657
LAI reward: 217.5632, Current LAI: 0.4657
LAI reward: 217.5632, Current LAI: 0.4657
LAI reward: 217.5632, Current LAI: 0.4657
LAI reward: 217.5632, Current LAI: 0.4657
LAI reward: 217.5632, Current LAI: 0.4657
LAI reward: 217.5632, Current LAI: 0.4657
LAI reward: 217.5632, Current LAI: 0.4657
LAI reward: 217.5632, Current LAI: 0.4657
LAI reward: 217.5632, Current LAI: 0.4657
LAI reward: 217.5632, Current LAI: 0.4657
LAI reward: 217.5632, Current LAI: 0.4657
LAI reward: 217.5632, Current LAI: 0.4657
LAI reward: 217.5632, Current LAI: 0.4657
LAI reward: 217.5632, Current LAI: 0.4657
LAI reward: 217.5632, Current LAI: 0.4657
LAI reward: 217.5632, Current LAI: 0.4657
LAI reward: 217.5632, Current LAI: 0.4657
LAI reward: 217.5632, Current LAI: 0.4657
LAI reward: 217.5632, Current LAI: 0.4657
LAI reward: 217.5632, Current LAI: 0.4657
LAI reward: 217.5632, Current LAI: 0.4657
LAI reward: 217.5632, Current LAI: 0.4657
LAI reward: 217.5632, Current LAI: 0.4657
LAI reward: 217.5632, Current LAI: 0.4657
LAI reward: 217.5632, Current LAI: 0.4657
LAI reward: 217.5632, Current LAI: 0.4657
LAI reward: 217.5632, Current LAI: 0.4657
LAI reward: 217.5632, Current LAI: 0.4657
LAI reward: 217.5632, Current LAI: 0.4657
LAI reward: 217.5632, Current LAI: 0.4657
LAI reward: 217.5632, Current LAI: 0.4657
LAI reward: 217.5632, Current LAI: 0.4657
LAI reward: 217.5632, Current LAI: 0.4657
