beginning test 3...
beginning test 4...
Waiting for tests to complete...
beginning test 4...
Waiting for tests to complete...
./run_test.sh: line 46: unexpected EOF while looking for matching `"'
tests complete!

beginning test 5 (LAI_v3)...
beginning test 6 (DVS_v1)...
Waiting for tests to complete...
tests complete!

beginning test 5 (LAI_v3)...
beginning test 6 (DVS_v1)...
Waiting for tests to complete...
tests complete!

beginning test 7 (TAGP_v1)...
beginning test 8 (DVR_v1)...
beginning test 9 (GRLV_v1)...
Waiting for tests to complete...
tests complete!

beginning test 7 (TAGP_v1)...
beginning test 8 (DVR_v1)...
beginning test 9 (GRLV_v1)...
Waiting for tests to complete...
tests complete!
beginning test 10 (LAI_v4)...
Waiting for tests to complete...
./run_test.sh: line 115: syntax error near unexpected token `('
./run_test.sh: line 115: `echo "tests complete!" test 11 (LAI_v5)..."'
mkdir: cannot create directory ‘data/grapevine/unconstrained_LAI_v4/’: File exists
mkdir: cannot create directory ‘data/grapevine/unconstrained_LAI_v4/PPO/’: File exists
beginning test 10 (LAI_v4)...
beginning test 11 (LAI_v5)...
Waiting for tests to complete...
tests complete!
mkdir: cannot create directory ‘data/grapevine/unconstrained_LAI_v4/’: File exists
mkdir: cannot create directory ‘data/grapevine/unconstrained_LAI_v4/PPO/’: File exists
beginning test 10 (LAI_v4)...
mkdir: cannot create directory ‘data/grapevine/unconstrained_LAI_v5/’: File exists
mkdir: cannot create directory ‘data/grapevine/unconstrained_LAI_v5/PPO/’: File exists
beginning test 11 (LAI_v5)...
Waiting for tests to complete...
